Log file open, 12/24/18 07:30:28
LogWindows: Failed to load 'aqProf.dll' (GetLastError=126)
LogWindows: File 'aqProf.dll' does not exist
LogWindows: Failed to load 'VtuneApi.dll' (GetLastError=126)
LogWindows: File 'VtuneApi.dll' does not exist
LogWindows: Failed to load 'VtuneApi32e.dll' (GetLastError=126)
LogWindows: File 'VtuneApi32e.dll' does not exist
LogConsoleResponse: Display: Failed to find resolution value strings in scalability ini. Falling back to default.
LogInit: Display: Running engine for game: Plague
LogPakFile: Registered encryption key '00000000000000000000000000000000': 0 pak files mounted, 0 remain pending
LogPlatformFile: Not using cached read wrapper
LogTaskGraph: Started task graph with 5 named threads and 35 total threads with 3 sets of task threads.
LogStats: Stats thread started at 0.402846
LogD3D11RHI: Loaded GFSDK_Aftermath_Lib.x64.dll
LogICUInternationalization: ICU TimeZone Detection - Raw Offset: -8:00, Platform Override: ''
LogPluginManager: Mounting plugin Paper2D
LogPluginManager: Mounting plugin AISupport
LogPluginManager: Mounting plugin LightPropagationVolume
LogPluginManager: Mounting plugin ActorLayerUtilities
LogPluginManager: Mounting plugin CLionSourceCodeAccess
LogPluginManager: Mounting plugin CodeLiteSourceCodeAccess
LogPluginManager: Mounting plugin GitSourceControl
LogPluginManager: Mounting plugin KDevelopSourceCodeAccess
LogPluginManager: Mounting plugin NullSourceCodeAccess
LogPluginManager: Mounting plugin PerforceSourceControl
LogPluginManager: Mounting plugin SubversionSourceControl
LogPluginManager: Mounting plugin UObjectPlugin
LogPluginManager: Mounting plugin VisualStudioCodeSourceCodeAccess
LogPluginManager: Mounting plugin VisualStudioSourceCodeAccess
LogPluginManager: Mounting plugin XCodeSourceCodeAccess
LogPluginManager: Mounting plugin AssetManagerEditor
LogPluginManager: Mounting plugin CryptoKeys
LogPluginManager: Mounting plugin DataValidation
LogPluginManager: Mounting plugin FacialAnimation
LogPluginManager: Mounting plugin GameplayTagsEditor
LogPluginManager: Mounting plugin MacGraphicsSwitching
LogPluginManager: Mounting plugin MeshEditor
LogPluginManager: Mounting plugin MobileLauncherProfileWizard
LogPluginManager: Mounting plugin PluginBrowser
LogPluginManager: Mounting plugin SpeedTreeImporter
LogPluginManager: Mounting plugin DatasmithContent
LogPluginManager: Mounting plugin VariantManagerContent
LogPluginManager: Mounting plugin AlembicImporter
LogPluginManager: Mounting plugin AppleImageUtils
LogPluginManager: Mounting plugin AppleVision
LogPluginManager: Mounting plugin BackChannel
LogPluginManager: Mounting plugin CharacterAI
LogPluginManager: Mounting plugin GeometryCache
LogPluginManager: Mounting plugin HTML5Networking
LogPluginManager: Mounting plugin ProxyLODPlugin
LogPluginManager: Mounting plugin MagicLeap
LogPluginManager: Mounting plugin MagicLeapMedia
LogPluginManager: Mounting plugin AndroidMedia
LogPluginManager: Mounting plugin AvfMedia
LogPluginManager: Mounting plugin ImgMedia
LogPluginManager: Mounting plugin LinearTimecode
LogPluginManager: Mounting plugin MediaCompositing
LogPluginManager: Mounting plugin MediaPlayerEditor
LogPluginManager: Mounting plugin WebMMedia
LogPluginManager: Mounting plugin WmfMedia
LogPluginManager: Mounting plugin TcpMessaging
LogPluginManager: Mounting plugin UdpMessaging
LogPluginManager: Mounting plugin ActorSequence
LogPluginManager: Mounting plugin LevelSequenceEditor
LogPluginManager: Mounting plugin MatineeToLevelSequence
LogPluginManager: Mounting plugin NetcodeUnitTest
LogPluginManager: Mounting plugin NUTUnrealEngine4
LogPluginManager: Mounting plugin OnlineSubsystemGooglePlay
LogPluginManager: Mounting plugin OnlineSubsystemIOS
LogPluginManager: Mounting plugin OnlineSubsystem
LogPluginManager: Mounting plugin OnlineSubsystemNull
LogPluginManager: Mounting plugin OnlineSubsystemUtils
LogPluginManager: Mounting plugin LauncherChunkInstaller
LogPluginManager: Mounting plugin AndroidDeviceProfileSelector
LogPluginManager: Mounting plugin AndroidMoviePlayer
LogPluginManager: Mounting plugin AndroidPermission
LogPluginManager: Mounting plugin AppleMoviePlayer
LogPluginManager: Mounting plugin ArchVisCharacter
LogPluginManager: Mounting plugin AudioCapture
LogPluginManager: Mounting plugin CableComponent
LogPluginManager: Mounting plugin CustomMeshComponent
LogPluginManager: Mounting plugin EditableMesh
LogPluginManager: Mounting plugin ExampleDeviceProfileSelector
LogPluginManager: Mounting plugin Firebase
LogPluginManager: Mounting plugin GoogleCloudMessaging
LogPluginManager: Mounting plugin IOSDeviceProfileSelector
LogPluginManager: Mounting plugin LinuxDeviceProfileSelector
LogPluginManager: Mounting plugin LocationServicesBPLibrary
LogPluginManager: Mounting plugin MobilePatchingUtils
LogPluginManager: Mounting plugin OculusVR
LogPluginManager: Mounting plugin PhysXVehicles
LogPluginManager: Mounting plugin ProceduralMeshComponent
LogPluginManager: Mounting plugin RuntimePhysXCooking
LogPluginManager: Mounting plugin SteamVR
LogPluginManager: Mounting plugin WebMMoviePlayer
LogPluginManager: Mounting plugin WindowsMoviePlayer
LogStreaming: Display: Took  0.100s to configure plugins.
LogInit: Using libcurl 7.55.1-DEV
LogInit:  - built for x86_64-pc-win32
LogInit:  - supports SSL with OpenSSL/1.0.2h
LogInit:  - supports HTTP deflate (compression) using libz 1.2.8
LogInit:  - other features:
LogInit:      CURL_VERSION_SSL
LogInit:      CURL_VERSION_LIBZ
LogInit:      CURL_VERSION_IPV6
LogInit:      CURL_VERSION_ASYNCHDNS
LogInit:      CURL_VERSION_LARGEFILE
LogInit:      CURL_VERSION_IDN
LogInit:  CurlRequestOptions (configurable via config and command line):
LogInit:  - bVerifyPeer = true  - Libcurl will verify peer certificate
LogInit:  - bUseHttpProxy = false  - Libcurl will NOT use HTTP proxy
LogInit:  - bDontReuseConnections = false  - Libcurl will reuse connections
LogInit:  - MaxHostConnections = 16  - Libcurl will limit the number of connections to a host
LogInit:  - LocalHostAddr = Default
LogInit:  - BufferSize = 65536
LogInit: WinSock: version 1.1 (2.2), MaxSocks=32767, MaxUdp=65467
LogInit: Build: ++UE4+Release-4.21-CL-4613538
LogInit: Engine Version: 4.21.1-4613538+++UE4+Release-4.21
LogInit: Compatible Engine Version: 4.21.0-4541578+++UE4+Release-4.21
LogInit: Net CL: 4541578
LogInit: OS: Windows 10 (), CPU: Intel(R) Core(TM) i7-5820K CPU @ 3.30GHz, GPU: NVIDIA GeForce GTX 1080
LogInit: Compiled (64-bit): Nov 30 2018 04:13:25
LogInit: Compiled with Visual C++: 19.13.26129.00
LogInit: Build Configuration: Development
LogInit: Branch Name: ++UE4+Release-4.21
LogInit: Command Line: 
LogInit: Base Directory: F:/Epic Games/UE_4.21/Engine/Binaries/Win64/
LogInit: Installed Engine Build: 1
LogDevObjectVersion: Number of dev versions registered: 22
LogDevObjectVersion:   Dev-Blueprints (B0D832E4-1F89-4F0D-ACCF-7EB736FD4AA2): 10
LogDevObjectVersion:   Dev-Build (E1C64328-A22C-4D53-A36C-8E866417BD8C): 0
LogDevObjectVersion:   Dev-Core (375EC13C-06E4-48FB-B500-84F0262A717E): 2
LogDevObjectVersion:   Dev-Editor (E4B068ED-F494-42E9-A231-DA0B2E46BB41): 26
LogDevObjectVersion:   Dev-Framework (CFFC743F-43B0-4480-9391-14DF171D2073): 34
LogDevObjectVersion:   Dev-Mobile (B02B49B5-BB20-44E9-A304-32B752E40360): 2
LogDevObjectVersion:   Dev-Networking (A4E4105C-59A1-49B5-A7C5-40C4547EDFEE): 0
LogDevObjectVersion:   Dev-Online (39C831C9-5AE6-47DC-9A44-9C173E1C8E7C): 0
LogDevObjectVersion:   Dev-Physics (78F01B33-EBEA-4F98-B9B4-84EACCB95AA2): 0
LogDevObjectVersion:   Dev-Platform (6631380F-2D4D-43E0-8009-CF276956A95A): 0
LogDevObjectVersion:   Dev-Rendering (12F88B9F-8875-4AFC-A67C-D90C383ABD29): 27
LogDevObjectVersion:   Dev-Sequencer (7B5AE74C-D270-4C10-A958-57980B212A5A): 9
LogDevObjectVersion:   Dev-VR (D7296918-1DD6-4BDD-9DE2-64A83CC13884): 2
LogDevObjectVersion:   Dev-LoadTimes (C2A15278-BFE7-4AFE-6C17-90FF531DF755): 1
LogDevObjectVersion:   Private-Geometry (6EACA3D4-40EC-4CC1-B786-8BED09428FC5): 3
LogDevObjectVersion:   Dev-AnimPhys (29E575DD-E0A3-4627-9D10-D276232CDCEA): 17
LogDevObjectVersion:   Dev-Anim (AF43A65D-7FD3-4947-9873-3E8ED9C1BB05): 2
LogDevObjectVersion:   Dev-ReflectionCapture (6B266CEC-1EC7-4B8F-A30B-E4D90942FC07): 1
LogDevObjectVersion:   Dev-Automation (0DF73D61-A23F-47EA-B727-89E90C41499A): 1
LogDevObjectVersion:   FortniteMain (601D1886-AC64-4F84-AA16-D3DE0DEAC7D6): 17
LogDevObjectVersion:   Dev-Enterprise (9DFFBCD6-494F-0158-E221-12823C92A888): 4
LogDevObjectVersion:   Dev-Niagara (F2AED0AC-9AFE-416F-8664-AA7FFA26D6FC): 1
LogStreaming: Display: Took  0.002s to delete old logs.
LogInit: Presizing for max 8388607 objects, including 0 objects not considered by GC, pre-allocating 0 bytes for permanent pool.
LogInit: Object subsystem initialized
LogConfig: Setting CVar [[con.DebugEarlyDefault:1]]
LogConfig: Setting CVar [[r.setres:1280x720]]
[2018.12.24-15.30.28:377][  0]LogConfig: Setting CVar [[r.VSync:0]]
[2018.12.24-15.30.28:377][  0]LogConfig: Setting CVar [[r.RHICmdBypass:0]]
[2018.12.24-15.30.28:377][  0]LogConfig: Applying CVar settings from Section [/Script/Engine.RendererSettings] File [F:/Epic Games/Plague/Saved/Config/Windows/Engine.ini]
[2018.12.24-15.30.28:377][  0]LogConfig: Setting CVar [[r.GPUCrashDebugging:0]]
[2018.12.24-15.30.28:377][  0]LogConfig: Applying CVar settings from Section [/Script/Engine.RendererOverrideSettings] File [F:/Epic Games/Plague/Saved/Config/Windows/Engine.ini]
[2018.12.24-15.30.28:377][  0]LogConfig: Applying CVar settings from Section [/Script/Engine.StreamingSettings] File [F:/Epic Games/Plague/Saved/Config/Windows/Engine.ini]
[2018.12.24-15.30.28:377][  0]LogConfig: Setting CVar [[s.MinBulkDataSizeForAsyncLoading:131072]]
[2018.12.24-15.30.28:377][  0]LogConfig: Setting CVar [[s.AsyncLoadingThreadEnabled:0]]
[2018.12.24-15.30.28:377][  0]LogConfig: Setting CVar [[s.EventDrivenLoaderEnabled:1]]
[2018.12.24-15.30.28:377][  0]LogConfig: Setting CVar [[s.WarnIfTimeLimitExceeded:0]]
[2018.12.24-15.30.28:377][  0]LogConfig: Setting CVar [[s.TimeLimitExceededMultiplier:1.5]]
[2018.12.24-15.30.28:377][  0]LogConfig: Setting CVar [[s.TimeLimitExceededMinTime:0.005]]
[2018.12.24-15.30.28:377][  0]LogConfig: Setting CVar [[s.UseBackgroundLevelStreaming:1]]
[2018.12.24-15.30.28:377][  0]LogConfig: Setting CVar [[s.PriorityAsyncLoadingExtraTime:15.0]]
[2018.12.24-15.30.28:377][  0]LogConfig: Setting CVar [[s.LevelStreamingActorsUpdateTimeLimit:5.0]]
[2018.12.24-15.30.28:377][  0]LogConfig: Setting CVar [[s.PriorityLevelStreamingActorsUpdateExtraTime:5.0]]
[2018.12.24-15.30.28:377][  0]LogConfig: Setting CVar [[s.LevelStreamingComponentsRegistrationGranularity:10]]
[2018.12.24-15.30.28:377][  0]LogConfig: Setting CVar [[s.UnregisterComponentsTimeLimit:1.0]]
[2018.12.24-15.30.28:377][  0]LogConfig: Setting CVar [[s.LevelStreamingComponentsUnregistrationGranularity:5]]
[2018.12.24-15.30.28:377][  0]LogConfig: Applying CVar settings from Section [/Script/Engine.GarbageCollectionSettings] File [F:/Epic Games/Plague/Saved/Config/Windows/Engine.ini]
[2018.12.24-15.30.28:377][  0]LogConfig: Setting CVar [[gc.MaxObjectsNotConsideredByGC:1]]
[2018.12.24-15.30.28:377][  0]LogConfig: Setting CVar [[gc.SizeOfPermanentObjectPool:0]]
[2018.12.24-15.30.28:377][  0]LogConfig: Setting CVar [[gc.FlushStreamingOnGC:0]]
[2018.12.24-15.30.28:377][  0]LogConfig: Setting CVar [[gc.NumRetriesBeforeForcingGC:10]]
[2018.12.24-15.30.28:377][  0]LogConfig: Setting CVar [[gc.AllowParallelGC:1]]
[2018.12.24-15.30.28:377][  0]LogConfig: Setting CVar [[gc.TimeBetweenPurgingPendingKillObjects:61.1]]
[2018.12.24-15.30.28:377][  0]LogConfig: Setting CVar [[gc.MaxObjectsInEditor:8388607]]
[2018.12.24-15.30.28:377][  0]LogConfig: Setting CVar [[gc.IncrementalBeginDestroyEnabled:1]]
[2018.12.24-15.30.28:377][  0]LogConfig: Setting CVar [[gc.CreateGCClusters:1]]
[2018.12.24-15.30.28:377][  0]LogConfig: Setting CVar [[gc.MergeGCClusters:0]]
[2018.12.24-15.30.28:378][  0]LogConfig: Setting CVar [[gc.MinGCClusterSize:5]]
[2018.12.24-15.30.28:378][  0]LogConfig: Setting CVar [[gc.ActorClusteringEnabled:0]]
[2018.12.24-15.30.28:378][  0]LogConfig: Setting CVar [[gc.BlueprintClusteringEnabled:0]]
[2018.12.24-15.30.28:378][  0]LogConfig: Setting CVar [[gc.UseDisregardForGCOnDedicatedServers:0]]
[2018.12.24-15.30.28:378][  0]LogConfig: Applying CVar settings from Section [/Script/Engine.NetworkSettings] File [F:/Epic Games/Plague/Saved/Config/Windows/Engine.ini]
[2018.12.24-15.30.28:378][  0]LogConfig: Applying CVar settings from Section [/Script/UnrealEd.CookerSettings] File [F:/Epic Games/Plague/Saved/Config/Windows/Engine.ini]
[2018.12.24-15.30.28:385][  0]LogConfig: Applying CVar settings from Section [ViewDistanceQuality@3] File [F:/Epic Games/Plague/Saved/Config/Windows/Scalability.ini]
[2018.12.24-15.30.28:385][  0]LogConfig: Setting CVar [[r.SkeletalMeshLODBias:0]]
[2018.12.24-15.30.28:385][  0]LogConfig: Setting CVar [[r.ViewDistanceScale:1.0]]
[2018.12.24-15.30.28:385][  0]LogConfig: Applying CVar settings from Section [AntiAliasingQuality@3] File [F:/Epic Games/Plague/Saved/Config/Windows/Scalability.ini]
[2018.12.24-15.30.28:385][  0]LogConfig: Setting CVar [[r.PostProcessAAQuality:4]]
[2018.12.24-15.30.28:385][  0]LogConfig: Applying CVar settings from Section [ShadowQuality@3] File [F:/Epic Games/Plague/Saved/Config/Windows/Scalability.ini]
[2018.12.24-15.30.28:385][  0]LogConfig: Setting CVar [[r.LightFunctionQuality:1]]
[2018.12.24-15.30.28:385][  0]LogConfig: Setting CVar [[r.ShadowQuality:5]]
[2018.12.24-15.30.28:385][  0]LogConfig: Setting CVar [[r.Shadow.CSM.MaxCascades:10]]
[2018.12.24-15.30.28:385][  0]LogConfig: Setting CVar [[r.Shadow.MaxResolution:2048]]
[2018.12.24-15.30.28:385][  0]LogConfig: Setting CVar [[r.Shadow.MaxCSMResolution:2048]]
[2018.12.24-15.30.28:385][  0]LogConfig: Setting CVar [[r.Shadow.RadiusThreshold:0.01]]
[2018.12.24-15.30.28:385][  0]LogConfig: Setting CVar [[r.Shadow.DistanceScale:1.0]]
[2018.12.24-15.30.28:385][  0]LogConfig: Setting CVar [[r.Shadow.CSM.TransitionScale:1.0]]
[2018.12.24-15.30.28:385][  0]LogConfig: Setting CVar [[r.Shadow.PreShadowResolutionFactor:1.0]]
[2018.12.24-15.30.28:385][  0]LogConfig: Setting CVar [[r.DistanceFieldShadowing:1]]
[2018.12.24-15.30.28:386][  0]LogConfig: Setting CVar [[r.DistanceFieldAO:1]]
[2018.12.24-15.30.28:386][  0]LogConfig: Setting CVar [[r.AOQuality:2]]
[2018.12.24-15.30.28:386][  0]LogConfig: Setting CVar [[r.VolumetricFog:1]]
[2018.12.24-15.30.28:386][  0]LogConfig: Setting CVar [[r.VolumetricFog.GridPixelSize:8]]
[2018.12.24-15.30.28:386][  0]LogConfig: Setting CVar [[r.VolumetricFog.GridSizeZ:128]]
[2018.12.24-15.30.28:386][  0]LogConfig: Setting CVar [[r.VolumetricFog.HistoryMissSupersampleCount:4]]
[2018.12.24-15.30.28:386][  0]LogConfig: Setting CVar [[r.LightMaxDrawDistanceScale:1]]
[2018.12.24-15.30.28:386][  0]LogConfig: Setting CVar [[r.CapsuleShadows:1]]
[2018.12.24-15.30.28:386][  0]LogConfig: Applying CVar settings from Section [PostProcessQuality@3] File [F:/Epic Games/Plague/Saved/Config/Windows/Scalability.ini]
[2018.12.24-15.30.28:386][  0]LogConfig: Setting CVar [[r.MotionBlurQuality:4]]
[2018.12.24-15.30.28:386][  0]LogConfig: Setting CVar [[r.AmbientOcclusionMipLevelFactor:0.4]]
[2018.12.24-15.30.28:386][  0]LogConfig: Setting CVar [[r.AmbientOcclusionMaxQuality:100]]
[2018.12.24-15.30.28:386][  0]LogConfig: Setting CVar [[r.AmbientOcclusionLevels:-1]]
[2018.12.24-15.30.28:386][  0]LogConfig: Setting CVar [[r.AmbientOcclusionRadiusScale:1.0]]
[2018.12.24-15.30.28:386][  0]LogConfig: Setting CVar [[r.DepthOfFieldQuality:2]]
[2018.12.24-15.30.28:386][  0]LogConfig: Setting CVar [[r.RenderTargetPoolMin:400]]
[2018.12.24-15.30.28:386][  0]LogConfig: Setting CVar [[r.LensFlareQuality:2]]
[2018.12.24-15.30.28:386][  0]LogConfig: Setting CVar [[r.SceneColorFringeQuality:1]]
[2018.12.24-15.30.28:386][  0]LogConfig: Setting CVar [[r.EyeAdaptationQuality:2]]
[2018.12.24-15.30.28:386][  0]LogConfig: Setting CVar [[r.BloomQuality:5]]
[2018.12.24-15.30.28:386][  0]LogConfig: Setting CVar [[r.FastBlurThreshold:100]]
[2018.12.24-15.30.28:386][  0]LogConfig: Setting CVar [[r.Upscale.Quality:3]]
[2018.12.24-15.30.28:386][  0]LogConfig: Setting CVar [[r.Tonemapper.GrainQuantization:1]]
[2018.12.24-15.30.28:386][  0]LogConfig: Setting CVar [[r.LightShaftQuality:1]]
[2018.12.24-15.30.28:386][  0]LogConfig: Setting CVar [[r.Filter.SizeScale:1]]
[2018.12.24-15.30.28:386][  0]LogConfig: Setting CVar [[r.Tonemapper.Quality:5]]
[2018.12.24-15.30.28:386][  0]LogConfig: Setting CVar [[r.DOF.Gather.AccumulatorQuality:1        ; higher gathering accumulator quality]]
[2018.12.24-15.30.28:386][  0]LogConfig: Setting CVar [[r.DOF.Gather.PostfilterMethod:1          ; Median3x3 postfilering method]]
[2018.12.24-15.30.28:386][  0]LogConfig: Setting CVar [[r.DOF.Gather.EnableBokehSettings:0       ; no bokeh simulation when gathering]]
[2018.12.24-15.30.28:386][  0]LogConfig: Setting CVar [[r.DOF.Gather.RingCount:4                 ; medium number of samples when gathering]]
[2018.12.24-15.30.28:386][  0]LogConfig: Setting CVar [[r.DOF.Scatter.ForegroundCompositing:1    ; additive foreground scattering]]
[2018.12.24-15.30.28:386][  0]LogConfig: Setting CVar [[r.DOF.Scatter.BackgroundCompositing:2    ; additive background scattering]]
[2018.12.24-15.30.28:386][  0]LogConfig: Setting CVar [[r.DOF.Scatter.EnableBokehSettings:1      ; bokeh simulation when scattering]]
[2018.12.24-15.30.28:386][  0]LogConfig: Setting CVar [[r.DOF.Scatter.MaxSpriteRatio:0.1         ; only a maximum of 10% of scattered bokeh]]
[2018.12.24-15.30.28:386][  0]LogConfig: Setting CVar [[r.DOF.Recombine.Quality:1                ; cheap slight out of focus]]
[2018.12.24-15.30.28:386][  0]LogConfig: Setting CVar [[r.DOF.Recombine.EnableBokehSettings:0    ; no bokeh simulation on slight out of focus]]
[2018.12.24-15.30.28:386][  0]LogConfig: Setting CVar [[r.DOF.TemporalAAQuality:1                ; more stable temporal accumulation]]
[2018.12.24-15.30.28:386][  0]LogConfig: Setting CVar [[r.DOF.Kernel.MaxForegroundRadius:0.025]]
[2018.12.24-15.30.28:386][  0]LogConfig: Setting CVar [[r.DOF.Kernel.MaxBackgroundRadius:0.025]]
[2018.12.24-15.30.28:386][  0]LogConfig: Applying CVar settings from Section [TextureQuality@3] File [F:/Epic Games/Plague/Saved/Config/Windows/Scalability.ini]
[2018.12.24-15.30.28:386][  0]LogConfig: Setting CVar [[r.Streaming.MipBias:0]]
[2018.12.24-15.30.28:386][  0]LogConfig: Setting CVar [[r.Streaming.AmortizeCPUToGPUCopy:0]]
[2018.12.24-15.30.28:386][  0]LogConfig: Setting CVar [[r.Streaming.MaxNumTexturesToStreamPerFrame:0]]
[2018.12.24-15.30.28:386][  0]LogConfig: Setting CVar [[r.Streaming.Boost:1]]
[2018.12.24-15.30.28:386][  0]LogConfig: Setting CVar [[r.MaxAnisotropy:8]]
[2018.12.24-15.30.28:386][  0]LogConfig: Setting CVar [[r.Streaming.LimitPoolSizeToVRAM:0]]
[2018.12.24-15.30.28:386][  0]LogConfig: Setting CVar [[r.Streaming.PoolSize:1000]]
[2018.12.24-15.30.28:386][  0]LogConfig: Setting CVar [[r.Streaming.MaxEffectiveScreenSize:0]]
[2018.12.24-15.30.28:386][  0]LogConfig: Applying CVar settings from Section [EffectsQuality@3] File [F:/Epic Games/Plague/Saved/Config/Windows/Scalability.ini]
[2018.12.24-15.30.28:386][  0]LogConfig: Setting CVar [[r.TranslucencyLightingVolumeDim:64]]
[2018.12.24-15.30.28:386][  0]LogConfig: Setting CVar [[r.RefractionQuality:2]]
[2018.12.24-15.30.28:386][  0]LogConfig: Setting CVar [[r.SSR.Quality:3]]
[2018.12.24-15.30.28:386][  0]LogConfig: Setting CVar [[r.SceneColorFormat:4]]
[2018.12.24-15.30.28:386][  0]LogConfig: Setting CVar [[r.DetailMode:2]]
[2018.12.24-15.30.28:386][  0]LogConfig: Setting CVar [[r.TranslucencyVolumeBlur:1]]
[2018.12.24-15.30.28:386][  0]LogConfig: Setting CVar [[r.MaterialQualityLevel:1 ; High quality]]
[2018.12.24-15.30.28:386][  0]LogConfig: Setting CVar [[r.SSS.Scale:1]]
[2018.12.24-15.30.28:386][  0]LogConfig: Setting CVar [[r.SSS.SampleSet:2]]
[2018.12.24-15.30.28:386][  0]LogConfig: Setting CVar [[r.SSS.Quality:1]]
[2018.12.24-15.30.28:386][  0]LogConfig: Setting CVar [[r.SSS.HalfRes:1]]
[2018.12.24-15.30.28:386][  0]LogConfig: Setting CVar [[r.EmitterSpawnRateScale:1.0]]
[2018.12.24-15.30.28:386][  0]LogConfig: Setting CVar [[r.ParticleLightQuality:2]]
[2018.12.24-15.30.28:386][  0]LogConfig: Applying CVar settings from Section [FoliageQuality@3] File [F:/Epic Games/Plague/Saved/Config/Windows/Scalability.ini]
[2018.12.24-15.30.28:386][  0]LogConfig: Setting CVar [[foliage.DensityScale:1.0]]
[2018.12.24-15.30.28:386][  0]LogConfig: Setting CVar [[grass.DensityScale:1.0]]
[2018.12.24-15.30.28:386][  0]LogInit: Selected Device Profile: [Windows]
[2018.12.24-15.30.28:386][  0]LogInit: Applying CVar settings loaded from the selected device profile: [Windows]
[2018.12.24-15.30.28:397][  0]LogHAL: Display: Platform has ~ 32 GB [34267828224 / 34359738368 / 32], which maps to Largest [LargestMinGB=32, LargerMinGB=12, DefaultMinGB=8, SmallerMinGB=6, SmallestMinGB=0)
[2018.12.24-15.30.28:397][  0]LogConfig: Setting CVar [[r.Vulkan.UseRealUBs:1]]
[2018.12.24-15.30.28:397][  0]LogInit: Going up to parent DeviceProfile []
[2018.12.24-15.30.28:397][  0]LogConfig: Applying CVar settings from Section [ViewDistanceQuality@3] File [F:/Epic Games/Plague/Saved/Config/Windows/Scalability.ini]
[2018.12.24-15.30.28:397][  0]LogConfig: Setting CVar [[r.SkeletalMeshLODBias:0]]
[2018.12.24-15.30.28:397][  0]LogConfig: Setting CVar [[r.ViewDistanceScale:1.0]]
[2018.12.24-15.30.28:397][  0]LogConfig: Applying CVar settings from Section [AntiAliasingQuality@3] File [F:/Epic Games/Plague/Saved/Config/Windows/Scalability.ini]
[2018.12.24-15.30.28:397][  0]LogConfig: Setting CVar [[r.PostProcessAAQuality:4]]
[2018.12.24-15.30.28:397][  0]LogConfig: Applying CVar settings from Section [ShadowQuality@3] File [F:/Epic Games/Plague/Saved/Config/Windows/Scalability.ini]
[2018.12.24-15.30.28:397][  0]LogConfig: Setting CVar [[r.LightFunctionQuality:1]]
[2018.12.24-15.30.28:397][  0]LogConfig: Setting CVar [[r.ShadowQuality:5]]
[2018.12.24-15.30.28:397][  0]LogConfig: Setting CVar [[r.Shadow.CSM.MaxCascades:10]]
[2018.12.24-15.30.28:397][  0]LogConfig: Setting CVar [[r.Shadow.MaxResolution:2048]]
[2018.12.24-15.30.28:397][  0]LogConfig: Setting CVar [[r.Shadow.MaxCSMResolution:2048]]
[2018.12.24-15.30.28:397][  0]LogConfig: Setting CVar [[r.Shadow.RadiusThreshold:0.01]]
[2018.12.24-15.30.28:397][  0]LogConfig: Setting CVar [[r.Shadow.DistanceScale:1.0]]
[2018.12.24-15.30.28:397][  0]LogConfig: Setting CVar [[r.Shadow.CSM.TransitionScale:1.0]]
[2018.12.24-15.30.28:397][  0]LogConfig: Setting CVar [[r.Shadow.PreShadowResolutionFactor:1.0]]
[2018.12.24-15.30.28:397][  0]LogConfig: Setting CVar [[r.DistanceFieldShadowing:1]]
[2018.12.24-15.30.28:397][  0]LogConfig: Setting CVar [[r.DistanceFieldAO:1]]
[2018.12.24-15.30.28:398][  0]LogConfig: Setting CVar [[r.AOQuality:2]]
[2018.12.24-15.30.28:398][  0]LogConfig: Setting CVar [[r.VolumetricFog:1]]
[2018.12.24-15.30.28:398][  0]LogConfig: Setting CVar [[r.VolumetricFog.GridPixelSize:8]]
[2018.12.24-15.30.28:398][  0]LogConfig: Setting CVar [[r.VolumetricFog.GridSizeZ:128]]
[2018.12.24-15.30.28:398][  0]LogConfig: Setting CVar [[r.VolumetricFog.HistoryMissSupersampleCount:4]]
[2018.12.24-15.30.28:398][  0]LogConfig: Setting CVar [[r.LightMaxDrawDistanceScale:1]]
[2018.12.24-15.30.28:398][  0]LogConfig: Setting CVar [[r.CapsuleShadows:1]]
[2018.12.24-15.30.28:398][  0]LogConfig: Applying CVar settings from Section [PostProcessQuality@3] File [F:/Epic Games/Plague/Saved/Config/Windows/Scalability.ini]
[2018.12.24-15.30.28:398][  0]LogConfig: Setting CVar [[r.MotionBlurQuality:4]]
[2018.12.24-15.30.28:398][  0]LogConfig: Setting CVar [[r.AmbientOcclusionMipLevelFactor:0.4]]
[2018.12.24-15.30.28:398][  0]LogConfig: Setting CVar [[r.AmbientOcclusionMaxQuality:100]]
[2018.12.24-15.30.28:398][  0]LogConfig: Setting CVar [[r.AmbientOcclusionLevels:-1]]
[2018.12.24-15.30.28:398][  0]LogConfig: Setting CVar [[r.AmbientOcclusionRadiusScale:1.0]]
[2018.12.24-15.30.28:398][  0]LogConfig: Setting CVar [[r.DepthOfFieldQuality:2]]
[2018.12.24-15.30.28:398][  0]LogConfig: Setting CVar [[r.RenderTargetPoolMin:400]]
[2018.12.24-15.30.28:398][  0]LogConfig: Setting CVar [[r.LensFlareQuality:2]]
[2018.12.24-15.30.28:398][  0]LogConfig: Setting CVar [[r.SceneColorFringeQuality:1]]
[2018.12.24-15.30.28:398][  0]LogConfig: Setting CVar [[r.EyeAdaptationQuality:2]]
[2018.12.24-15.30.28:398][  0]LogConfig: Setting CVar [[r.BloomQuality:5]]
[2018.12.24-15.30.28:398][  0]LogConfig: Setting CVar [[r.FastBlurThreshold:100]]
[2018.12.24-15.30.28:398][  0]LogConfig: Setting CVar [[r.Upscale.Quality:3]]
[2018.12.24-15.30.28:398][  0]LogConfig: Setting CVar [[r.Tonemapper.GrainQuantization:1]]
[2018.12.24-15.30.28:398][  0]LogConfig: Setting CVar [[r.LightShaftQuality:1]]
[2018.12.24-15.30.28:398][  0]LogConfig: Setting CVar [[r.Filter.SizeScale:1]]
[2018.12.24-15.30.28:398][  0]LogConfig: Setting CVar [[r.Tonemapper.Quality:5]]
[2018.12.24-15.30.28:398][  0]LogConfig: Setting CVar [[r.DOF.Gather.AccumulatorQuality:1        ; higher gathering accumulator quality]]
[2018.12.24-15.30.28:398][  0]LogConfig: Setting CVar [[r.DOF.Gather.PostfilterMethod:1          ; Median3x3 postfilering method]]
[2018.12.24-15.30.28:398][  0]LogConfig: Setting CVar [[r.DOF.Gather.EnableBokehSettings:0       ; no bokeh simulation when gathering]]
[2018.12.24-15.30.28:398][  0]LogConfig: Setting CVar [[r.DOF.Gather.RingCount:4                 ; medium number of samples when gathering]]
[2018.12.24-15.30.28:398][  0]LogConfig: Setting CVar [[r.DOF.Scatter.ForegroundCompositing:1    ; additive foreground scattering]]
[2018.12.24-15.30.28:398][  0]LogConfig: Setting CVar [[r.DOF.Scatter.BackgroundCompositing:2    ; additive background scattering]]
[2018.12.24-15.30.28:398][  0]LogConfig: Setting CVar [[r.DOF.Scatter.EnableBokehSettings:1      ; bokeh simulation when scattering]]
[2018.12.24-15.30.28:398][  0]LogConfig: Setting CVar [[r.DOF.Scatter.MaxSpriteRatio:0.1         ; only a maximum of 10% of scattered bokeh]]
[2018.12.24-15.30.28:398][  0]LogConfig: Setting CVar [[r.DOF.Recombine.Quality:1                ; cheap slight out of focus]]
[2018.12.24-15.30.28:398][  0]LogConfig: Setting CVar [[r.DOF.Recombine.EnableBokehSettings:0    ; no bokeh simulation on slight out of focus]]
[2018.12.24-15.30.28:398][  0]LogConfig: Setting CVar [[r.DOF.TemporalAAQuality:1                ; more stable temporal accumulation]]
[2018.12.24-15.30.28:398][  0]LogConfig: Setting CVar [[r.DOF.Kernel.MaxForegroundRadius:0.025]]
[2018.12.24-15.30.28:398][  0]LogConfig: Setting CVar [[r.DOF.Kernel.MaxBackgroundRadius:0.025]]
[2018.12.24-15.30.28:398][  0]LogConfig: Applying CVar settings from Section [TextureQuality@3] File [F:/Epic Games/Plague/Saved/Config/Windows/Scalability.ini]
[2018.12.24-15.30.28:398][  0]LogConfig: Setting CVar [[r.Streaming.MipBias:0]]
[2018.12.24-15.30.28:398][  0]LogConfig: Setting CVar [[r.Streaming.AmortizeCPUToGPUCopy:0]]
[2018.12.24-15.30.28:398][  0]LogConfig: Setting CVar [[r.Streaming.MaxNumTexturesToStreamPerFrame:0]]
[2018.12.24-15.30.28:398][  0]LogConfig: Setting CVar [[r.Streaming.Boost:1]]
[2018.12.24-15.30.28:398][  0]LogConfig: Setting CVar [[r.MaxAnisotropy:8]]
[2018.12.24-15.30.28:398][  0]LogConfig: Setting CVar [[r.Streaming.LimitPoolSizeToVRAM:0]]
[2018.12.24-15.30.28:398][  0]LogConfig: Setting CVar [[r.Streaming.PoolSize:1000]]
[2018.12.24-15.30.28:398][  0]LogConfig: Setting CVar [[r.Streaming.MaxEffectiveScreenSize:0]]
[2018.12.24-15.30.28:398][  0]LogConfig: Applying CVar settings from Section [EffectsQuality@3] File [F:/Epic Games/Plague/Saved/Config/Windows/Scalability.ini]
[2018.12.24-15.30.28:398][  0]LogConfig: Setting CVar [[r.TranslucencyLightingVolumeDim:64]]
[2018.12.24-15.30.28:398][  0]LogConfig: Setting CVar [[r.RefractionQuality:2]]
[2018.12.24-15.30.28:398][  0]LogConfig: Setting CVar [[r.SSR.Quality:3]]
[2018.12.24-15.30.28:398][  0]LogConfig: Setting CVar [[r.SceneColorFormat:4]]
[2018.12.24-15.30.28:398][  0]LogConfig: Setting CVar [[r.DetailMode:2]]
[2018.12.24-15.30.28:398][  0]LogConfig: Setting CVar [[r.TranslucencyVolumeBlur:1]]
[2018.12.24-15.30.28:398][  0]LogConfig: Setting CVar [[r.MaterialQualityLevel:1 ; High quality]]
[2018.12.24-15.30.28:398][  0]LogConfig: Setting CVar [[r.SSS.Scale:1]]
[2018.12.24-15.30.28:398][  0]LogConfig: Setting CVar [[r.SSS.SampleSet:2]]
[2018.12.24-15.30.28:398][  0]LogConfig: Setting CVar [[r.SSS.Quality:1]]
[2018.12.24-15.30.28:398][  0]LogConfig: Setting CVar [[r.SSS.HalfRes:1]]
[2018.12.24-15.30.28:398][  0]LogConfig: Setting CVar [[r.EmitterSpawnRateScale:1.0]]
[2018.12.24-15.30.28:398][  0]LogConfig: Setting CVar [[r.ParticleLightQuality:2]]
[2018.12.24-15.30.28:398][  0]LogConfig: Applying CVar settings from Section [FoliageQuality@3] File [F:/Epic Games/Plague/Saved/Config/Windows/Scalability.ini]
[2018.12.24-15.30.28:398][  0]LogConfig: Setting CVar [[foliage.DensityScale:1.0]]
[2018.12.24-15.30.28:398][  0]LogConfig: Setting CVar [[grass.DensityScale:1.0]]
[2018.12.24-15.30.28:398][  0]LogConfig: Applying CVar settings from Section [Startup] File [../../../Engine/Config/ConsoleVariables.ini]
[2018.12.24-15.30.28:398][  0]LogConfig: Setting CVar [[net.UseAdaptiveNetUpdateFrequency:0]]
[2018.12.24-15.30.28:398][  0]LogConfig: Applying CVar settings from Section [ConsoleVariables] File [F:/Epic Games/Plague/Saved/Config/Windows/Engine.ini]
[2018.12.24-15.30.28:399][  0]LogInit: Computer: JOSH
[2018.12.24-15.30.28:399][  0]LogInit: User: joshua
[2018.12.24-15.30.28:399][  0]LogInit: CPU Page size=4096, Cores=6
[2018.12.24-15.30.28:399][  0]LogInit: High frequency timer resolution =10.000000 MHz
[2018.12.24-15.30.28:399][  0]LogMemory: Memory total: Physical=31.9GB (32GB approx)
[2018.12.24-15.30.28:399][  0]LogMemory: Platform Memory Stats for Windows
[2018.12.24-15.30.28:399][  0]LogMemory: Process Physical Memory: 103.81 MB used, 103.81 MB peak
[2018.12.24-15.30.28:399][  0]LogMemory: Process Virtual Memory: 86.48 MB used, 86.48 MB peak
[2018.12.24-15.30.28:399][  0]LogMemory: Physical Memory: 10182.75 MB used,  22497.60 MB free, 32680.35 MB total
[2018.12.24-15.30.28:399][  0]LogMemory: Virtual Memory: 4662.29 MB used,  134213064.00 MB free, 134217728.00 MB total
[2018.12.24-15.30.28:421][  0]LogInit: Using OS detected language (en-US).
[2018.12.24-15.30.28:421][  0]LogInit: Using OS detected locale (en-US).
[2018.12.24-15.30.28:422][  0]LogTextLocalizationManager: No specific localization for 'en-US' exists, so the 'en' localization will be used.
[2018.12.24-15.30.28:779][  0]LogStreaming: Display: Took  0.358s to InitEngineTextLocalization.
[2018.12.24-15.30.28:779][  0]LogInit: Setting process to per monitor DPI aware
[2018.12.24-15.30.28:809][  0]LogSlate: New Slate User Created.  User Index 0, Is Virtual User: 0
[2018.12.24-15.30.28:809][  0]LogSlate: Slate User Registered.  User Index 0, Is Virtual User: 0
[2018.12.24-15.30.29:204][  0]LogHMD: Failed to initialize OpenVR with code 101
[2018.12.24-15.30.29:204][  0]LogD3D11RHI: D3D11 adapters:
[2018.12.24-15.30.29:264][  0]LogD3D11RHI:    0. 'NVIDIA GeForce GTX 1080' (Feature Level 11_0)
[2018.12.24-15.30.29:265][  0]LogD3D11RHI:       8079/0/16340 MB DedicatedVideo/DedicatedSystem/SharedSystem, Outputs:2, VendorId:0x10de
[2018.12.24-15.30.29:267][  0]LogD3D11RHI:    1. 'Microsoft Basic Render Driver' (Feature Level 11_0)
[2018.12.24-15.30.29:267][  0]LogD3D11RHI:       0/0/16340 MB DedicatedVideo/DedicatedSystem/SharedSystem, Outputs:0, VendorId:0x1414
[2018.12.24-15.30.29:267][  0]LogD3D11RHI: Chosen D3D11 Adapter: 0
[2018.12.24-15.30.29:277][  0]LogD3D11RHI: Creating new Direct3DDevice
[2018.12.24-15.30.29:277][  0]LogD3D11RHI:     GPU DeviceId: 0x1b80 (for the marketing name, search the web for "GPU Device Id")
[2018.12.24-15.30.29:277][  0]LogWindows: EnumDisplayDevices:
[2018.12.24-15.30.29:277][  0]LogWindows:    0. 'NVIDIA GeForce GTX 1080' (P:1 D:1)
[2018.12.24-15.30.29:278][  0]LogWindows:    1. 'NVIDIA GeForce GTX 1080' (P:0 D:1)
[2018.12.24-15.30.29:278][  0]LogWindows:    2. 'NVIDIA GeForce GTX 1080' (P:0 D:0)
[2018.12.24-15.30.29:278][  0]LogWindows:    3. 'NVIDIA GeForce GTX 1080' (P:0 D:0)
[2018.12.24-15.30.29:279][  0]LogWindows: DebugString: FoundDriverCount:4 
[2018.12.24-15.30.29:279][  0]LogD3D11RHI:     Adapter Name: NVIDIA GeForce GTX 1080
[2018.12.24-15.30.29:279][  0]LogD3D11RHI:   Driver Version: 417.35 (internal:25.21.14.1735, unified:417.35)
[2018.12.24-15.30.29:279][  0]LogD3D11RHI:      Driver Date: 12-11-2018
[2018.12.24-15.30.29:279][  0]LogRHI: Texture pool is 5655 MB (70% of 8079 MB)
[2018.12.24-15.30.29:324][  0]LogD3D11RHI: Async texture creation enabled
[2018.12.24-15.30.29:359][  0]LogD3D11RHI: GPU Timing Frequency: 1000.000000 (Debug: 2 2)
[2018.12.24-15.30.29:761][  0]LogTemp: Display: Loaded TP AllDesktopTargetPlatform
[2018.12.24-15.30.29:772][  0]LogTemp: Display: Loaded TP MacClientTargetPlatform
[2018.12.24-15.30.29:783][  0]LogTemp: Display: Loaded TP MacNoEditorTargetPlatform
[2018.12.24-15.30.29:794][  0]LogTemp: Display: Loaded TP MacServerTargetPlatform
[2018.12.24-15.30.29:805][  0]LogTemp: Display: Loaded TP MacTargetPlatform
[2018.12.24-15.30.29:816][  0]LogTemp: Display: Loaded TP WindowsClientTargetPlatform
[2018.12.24-15.30.29:827][  0]LogTemp: Display: Loaded TP WindowsNoEditorTargetPlatform
[2018.12.24-15.30.29:839][  0]LogTemp: Display: Loaded TP WindowsServerTargetPlatform
[2018.12.24-15.30.29:843][  0]LogTemp: Display: Loaded TP WindowsTargetPlatform
[2018.12.24-15.30.29:904][  0]LogTemp: Display: Loaded TP AndroidTargetPlatform
[2018.12.24-15.30.29:904][  0]LogTemp: Display: Loaded TP AndroidTargetPlatform
[2018.12.24-15.30.29:904][  0]LogTemp: Display: Loaded TP AndroidTargetPlatform
[2018.12.24-15.30.29:904][  0]LogTemp: Display: Loaded TP AndroidTargetPlatform
[2018.12.24-15.30.29:904][  0]LogTemp: Display: Loaded TP AndroidTargetPlatform
[2018.12.24-15.30.29:904][  0]LogTemp: Display: Loaded TP AndroidTargetPlatform
[2018.12.24-15.30.29:904][  0]LogTemp: Display: Loaded TP AndroidTargetPlatform
[2018.12.24-15.30.29:904][  0]LogTemp: Display: Loaded TP AndroidTargetPlatform
[2018.12.24-15.30.29:904][  0]LogTemp: Display: Loaded TP AndroidTargetPlatform
[2018.12.24-15.30.29:904][  0]LogTemp: Display: Loaded TP AndroidTargetPlatform
[2018.12.24-15.30.29:904][  0]LogTemp: Display: Loaded TP AndroidTargetPlatform
[2018.12.24-15.30.29:904][  0]LogTemp: Display: Loaded TP AndroidTargetPlatform
[2018.12.24-15.30.29:904][  0]LogTemp: Display: Loaded TP AndroidTargetPlatform
[2018.12.24-15.30.29:904][  0]LogTemp: Display: Loaded TP AndroidTargetPlatform
[2018.12.24-15.30.29:904][  0]LogTemp: Display: Loaded TP AndroidTargetPlatform
[2018.12.24-15.30.29:904][  0]LogTemp: Display: Loaded TP AndroidTargetPlatform
[2018.12.24-15.30.29:904][  0]LogTemp: Display: Loaded TP AndroidTargetPlatform
[2018.12.24-15.30.29:904][  0]LogTemp: Display: Loaded TP AndroidTargetPlatform
[2018.12.24-15.30.29:906][  0]LogTemp: Display: Loaded TP HTML5TargetPlatform
[2018.12.24-15.30.29:963][  0]LogTemp: Display: Loaded TP IOSTargetPlatform
[2018.12.24-15.30.29:963][  0]LogTemp: Display: Loaded TP IOSTargetPlatform
[2018.12.24-15.30.29:984][  0]LogTemp: Display: Loaded TP TVOSTargetPlatform
[2018.12.24-15.30.29:984][  0]LogTemp: Display: Loaded TP TVOSTargetPlatform
[2018.12.24-15.30.29:995][  0]LogTemp: Display: Loaded TP LinuxClientTargetPlatform
[2018.12.24-15.30.30:006][  0]LogTemp: Display: Loaded TP LinuxNoEditorTargetPlatform
[2018.12.24-15.30.30:017][  0]LogTemp: Display: Loaded TP LinuxServerTargetPlatform
[2018.12.24-15.30.30:028][  0]LogTemp: Display: Loaded TP LinuxTargetPlatform
[2018.12.24-15.30.30:071][  0]LogTemp: Display: Loaded TP LuminTargetPlatform
[2018.12.24-15.30.30:071][  0]LogTemp: Display: Loaded TP LuminTargetPlatform
[2018.12.24-15.30.30:071][  0]LogTargetPlatformManager: Display: Building Assets For Windows
[2018.12.24-15.30.30:118][  0]LogShaderCompilers: Guid format shader working directory is 28 characters bigger than the processId version (../../../../Plague/Intermediate/Shaders/WorkingDirectory/21224/).
[2018.12.24-15.30.30:118][  0]LogShaderCompilers: Cleaned the shader compiler working directory 'C:/Users/joshua/AppData/Local/Temp/UnrealShaderWorkingDir/825688844426D6CB4898DA9F257A9245/'.
[2018.12.24-15.30.30:120][  0]LogXGEController: Cleaning working directory: C:/Users/joshua/AppData/Local/Temp/UnrealXGEWorkingDir/
[2018.12.24-15.30.30:120][  0]LogXGEController: Cannot use XGE Controller as Incredibuild is not installed on this machine.
[2018.12.24-15.30.30:120][  0]LogShaderCompilers: Cannot use XGE Shader Compiler as Incredibuild is not installed on this machine.
[2018.12.24-15.30.30:120][  0]LogShaderCompilers: Display: Using Local Shader Compiler.
[2018.12.24-15.30.30:621][  0]LogDerivedDataCache: Display: Max Cache Size: 512 MB
[2018.12.24-15.30.30:675][  0]LogDerivedDataCache: Loaded boot cache 0.05s 71MB C:/Users/joshua/AppData/Local/UnrealEngine/4.21/DerivedDataCache/Boot.ddc.
[2018.12.24-15.30.30:675][  0]LogDerivedDataCache: Display: Loaded Boot cache: C:/Users/joshua/AppData/Local/UnrealEngine/4.21/DerivedDataCache/Boot.ddc
[2018.12.24-15.30.30:675][  0]LogDerivedDataCache: FDerivedDataBackendGraph:  Pak pak cache file ../../../../Plague/DerivedDataCache/DDC.ddp not found, will not use a pak cache.
[2018.12.24-15.30.30:675][  0]LogDerivedDataCache: Unable to find inner node Pak for hierarchical cache Hierarchy.
[2018.12.24-15.30.30:675][  0]LogDerivedDataCache: FDerivedDataBackendGraph:  CompressedPak pak cache file ../../../../Plague/DerivedDataCache/Compressed.ddp not found, will not use a pak cache.
[2018.12.24-15.30.30:675][  0]LogDerivedDataCache: Unable to find inner node CompressedPak for hierarchical cache Hierarchy.
[2018.12.24-15.30.30:686][  0]LogDerivedDataCache: Display: Pak cache opened for reading ../../../Engine/DerivedDataCache/Compressed.ddp.
[2018.12.24-15.30.30:687][  0]LogDerivedDataCache: FDerivedDataBackendGraph:  EnterprisePak pak cache file ../../../Enterprise/DerivedDataCache/Compressed.ddp not found, will not use a pak cache.
[2018.12.24-15.30.30:687][  0]LogDerivedDataCache: Unable to find inner node EnterprisePak for hierarchical cache Hierarchy.
[2018.12.24-15.30.30:699][  0]LogDerivedDataCache: Using Local data cache path C:/Users/joshua/AppData/Local/UnrealEngine/Common/DerivedDataCache: Writable
[2018.12.24-15.30.30:699][  0]LogDerivedDataCache: Shared data cache path not found in *engine.ini, will not use an Shared cache.
[2018.12.24-15.30.30:699][  0]LogDerivedDataCache: Unable to find inner node Shared for hierarchical cache Hierarchy.
[2018.12.24-15.30.30:720][  0]LogMaterial: Verifying Global Shaders for PCD3D_SM5
[2018.12.24-15.30.30:721][  0]LogSlate: Using FreeType 2.6.0
[2018.12.24-15.30.30:722][  0]LogSlate: SlateFontServices - WITH_FREETYPE: 1, WITH_HARFBUZZ: 1
[2018.12.24-15.30.30:820][  0]LogAssetRegistry: FAssetRegistry took 0.0323 seconds to start up
[2018.12.24-15.30.31:110][  0]LogInit: Selected Device Profile: [Windows]
[2018.12.24-15.30.31:248][  0]LogSimplygon: Simplygon DLL not present - disabling.
[2018.12.24-15.30.31:251][  0]LogMeshReduction: Using SimplygonSwarm for distributed automatic mesh merging
[2018.12.24-15.30.31:251][  0]LogMeshReduction: Using ProxyLODMeshReduction for automatic mesh merging
[2018.12.24-15.30.31:251][  0]LogMeshReduction: Using QuadricMeshReduction for automatic static mesh reduction
[2018.12.24-15.30.31:251][  0]LogMeshReduction: No automatic skeletal mesh reduction module available
[2018.12.24-15.30.31:262][  0]LogNetVersion: Plague 1.0.0, NetCL: 4541578, EngineNetVer: 5, GameNetVer: 0 (Checksum: 687593233)
[2018.12.24-15.30.31:728][  0]LogPackageLocalizationCache: Processed 11 localized package path(s) for 2 prioritized culture(s) in 0.084686 seconds
[2018.12.24-15.30.31:735][  0]LogUObjectArray: 39775 objects as part of root set at end of initial load.
[2018.12.24-15.30.31:735][  0]LogUObjectAllocator: 6914664 out of 0 bytes used by permanent object pool.
[2018.12.24-15.30.31:735][  0]LogUObjectArray: CloseDisregardForGC: 0/0 objects in disregard for GC pool
[2018.12.24-15.30.32:662][  0]LogTcpMessaging: Initializing TcpMessaging bridge
[2018.12.24-15.30.32:675][  0]LogUdpMessaging: Initializing bridge on interface 0.0.0.0:0 to multicast group 230.0.0.1:6666.
[2018.12.24-15.30.33:480][  0]SourceControl: Source control is disabled
[2018.12.24-15.30.33:481][  0]SourceControl: Source control is disabled
[2018.12.24-15.30.33:482][  0]SourceControl: Source control is disabled
[2018.12.24-15.30.33:482][  0]SourceControl: Source control is disabled
[2018.12.24-15.30.33:637][  0]LogAndroidPermission: UAndroidPermissionCallbackProxy::GetInstance
[2018.12.24-15.30.33:814][  0]LogOcInput: OculusInput pre-init called
[2018.12.24-15.30.33:944][  0]LogEngine: Initializing Engine...
[2018.12.24-15.30.33:945][  0]LogHMD: Failed to initialize OpenVR with code 101
[2018.12.24-15.30.33:946][  0]LogStats: UGameplayTagsManager::ConstructGameplayTagTree: ImportINI prefixes -  0.000 s
[2018.12.24-15.30.33:946][  0]LogStats: UGameplayTagsManager::ConstructGameplayTagTree: Construct from data asset -  0.000 s
[2018.12.24-15.30.33:947][  0]LogStats: UGameplayTagsManager::ConstructGameplayTagTree: ImportINI -  0.000 s
[2018.12.24-15.30.33:947][  0]LogStats: UGameplayTagsManager::ConstructGameplayTagTree: GameplayTagTreeChangedEvent.Broadcast -  0.000 s
[2018.12.24-15.30.34:167][  0]LogInit: Initializing FReadOnlyCVARCache
[2018.12.24-15.30.34:177][  0]LogAIModule: Creating AISystem for world Untitled
[2018.12.24-15.30.34:233][  0]LogInit: XAudio2 using 'Arctis 7 (4- Arctis 7 Game)' : 2 channels at 44.1 kHz using 16 bits per sample (channel mask 0x3)
[2018.12.24-15.30.34:260][  0]LogInit: FAudioDevice initialized.
[2018.12.24-15.30.34:260][  0]LogNetVersion: Set ProjectVersion to 1.0.0.0. Version Checksum will be recalculated on next use.
[2018.12.24-15.30.34:329][  0]LogDerivedDataCache: Saved boot cache 0.07s 71MB C:/Users/joshua/AppData/Local/UnrealEngine/4.21/DerivedDataCache/Boot.ddc.
[2018.12.24-15.30.34:349][  0]LogInit: Texture streaming: Enabled
[2018.12.24-15.30.34:363][  0]LogEngineSessionManager: EngineSessionManager initialized
[2018.12.24-15.30.34:377][  0]LogInit: Transaction tracking system initialized
[2018.12.24-15.30.34:398][  0]BlueprintLog: New page: Editor Load
[2018.12.24-15.30.34:463][  0]LocalizationService: Localization service is disabled
[2018.12.24-15.30.34:697][  0]LogLinker: Warning: Can't find file '/Game/SGT/01-Readme'
[2018.12.24-15.30.34:698][  0]LogLinker: Warning: Can't find file '/Game/SGT/01-Readme'
[2018.12.24-15.30.34:698][  0]LogUObjectGlobals: Warning: Failed to find object 'Class /Game/SGT/01-Readme.01-Readme_C'
[2018.12.24-15.30.34:893][  0]LogCook: Display: Max memory allowance for cook 16384mb min free memory 0mb
[2018.12.24-15.30.34:893][  0]LogCook: Display: Mobile HDR setting 1
[2018.12.24-15.30.34:893][  0]LogGameplayTags: Display: UGameplayTagsManager::DoneAddingNativeTags. DelegateIsBound: 0
[2018.12.24-15.30.34:893][  0]LogStats: UGameplayTagsManager::ConstructGameplayTagTree: ImportINI prefixes -  0.000 s
[2018.12.24-15.30.34:893][  0]LogStats: UGameplayTagsManager::ConstructGameplayTagTree: Construct from data asset -  0.000 s
[2018.12.24-15.30.34:894][  0]LogStats: UGameplayTagsManager::ConstructGameplayTagTree: ImportINI -  0.000 s
[2018.12.24-15.30.34:894][  0]LogStats: UGameplayTagsManager::ConstructGameplayTagTree: GameplayTagTreeChangedEvent.Broadcast -  0.000 s
[2018.12.24-15.30.35:013][  0]LogFileCache: Scanning file cache for directory 'F:/Epic Games/Plague/Content/' took 0.02s
[2018.12.24-15.30.35:013][  0]SourceControl: Source control is disabled
[2018.12.24-15.30.35:013][  0]Cmd: MAP LOAD FILE="../../../../Plague/Content/RTS/Maps/TopDownExampleMap.umap" TEMPLATE=0 SHOWPROGRESS=1 FEATURELEVEL=3
[2018.12.24-15.30.35:013][  0]LightingResults: New page: Lighting Build
[2018.12.24-15.30.35:015][  0]MapCheck: New page: Map Check
[2018.12.24-15.30.35:015][  0]LightingResults: New page: Lighting Build
[2018.12.24-15.30.35:599][  0]LogAIModule: Creating AISystem for world TopDownExampleMap
[2018.12.24-15.30.35:629][  0]LogEditorServer: Finished looking for orphan Actors (0.000 secs)
[2018.12.24-15.30.35:654][  0]Cmd: MAP CHECKDEP NOCLEARLOG
[2018.12.24-15.30.35:654][  0]MapCheck: Map check complete: 0 Error(s), 0 Warning(s), took 0.097ms to complete.
[2018.12.24-15.30.35:654][  0]LogFileHelpers: Loading map 'TopDownExampleMap' took 0.642
[2018.12.24-15.30.35:754][  0]LogSlate: Updating window title bar state: overlay mode, drag disabled, window buttons hidden, title bar hidden
[2018.12.24-15.30.35:760][  0]LogSlate: Updating window title bar state: overlay mode, drag disabled, window buttons hidden, title bar hidden
[2018.12.24-15.30.35:767][  0]LogSlate: Updating window title bar state: overlay mode, drag disabled, window buttons hidden, title bar hidden
[2018.12.24-15.30.35:773][  0]LogSlate: Updating window title bar state: overlay mode, drag disabled, window buttons hidden, title bar hidden
[2018.12.24-15.30.35:886][  0]LogSlate: Took 0.000302 seconds to synchronously load lazily loaded font '../../../Engine/Content/Slate/Fonts/Roboto-Regular.ttf' (155K)
[2018.12.24-15.30.35:887][  0]LogSlate: Took 0.000205 seconds to synchronously load lazily loaded font '../../../Engine/Content/Slate/Fonts/Roboto-Bold.ttf' (160K)
[2018.12.24-15.30.35:966][  0]LogRenderer: Reallocating scene render targets to support 1616x1248 Format 10 NumSamples 1 (Frame:1).
[2018.12.24-15.30.36:064][  0]LogLoad: (Engine Initialization) Total time: 10.26 seconds
[2018.12.24-15.30.36:064][  0]LogLoad: (Engine Initialization) Total Blueprint compile time: 0.00 seconds
[2018.12.24-15.30.36:133][  0]LogContentStreaming: Texture pool size now 1000 MB
[2018.12.24-15.30.36:172][  1]LogRenderer: Reallocating scene render targets to support 1616x1264 Format 10 NumSamples 1 (Frame:3).
[2018.12.24-15.30.36:346][  4]LogAssetRegistry: Asset discovery search completed in 5.5483 seconds
[2018.12.24-15.30.36:352][  4]LogCollectionManager: Loaded 0 collections in 0.001658 seconds
[2018.12.24-15.30.36:387][  4]LogFileCache: Scanning file cache for directory 'F:/Epic Games/Plague/Saved/Collections/' took 0.01s
[2018.12.24-15.30.36:387][  4]LogFileCache: Scanning file cache for directory 'F:/Epic Games/Plague/Content/Developers/joshua/Collections/' took 0.01s
[2018.12.24-15.30.36:387][  4]LogFileCache: Scanning file cache for directory 'F:/Epic Games/Plague/Content/Collections/' took 0.01s
[2018.12.24-15.30.36:387][  4]LogCollectionManager: Rebuilt the object cache for 0 collections in 0.000000 seconds (found 0 objects)
[2018.12.24-15.30.36:387][  4]LogCollectionManager: Fixed up redirectors for 0 collections in 0.000095 seconds (updated 0 objects)
[2018.12.24-15.30.39:016][193]LogSlate: FSceneViewport::OnFocusLost() reason 0
[2018.12.24-15.30.39:112][203]LogCollectionManager: Rebuilt the GUID cache for 0 collections in 0.000000 seconds
[2018.12.24-15.30.39:120][203]LogContentBrowser: Native class hierarchy populated in 0.0082 seconds. Added 2652 classes and 622 folders.
[2018.12.24-15.30.39:126][203]LogContentBrowser: Native class hierarchy updated for 'WidgetCarousel' in 0.0003 seconds. Added 0 classes and 0 folders.
[2018.12.24-15.30.39:128][203]LogPakFile: Registered encryption key '00000000000000000000000000000000': 0 pak files mounted, 0 remain pending
[2018.12.24-15.30.39:129][203]LogPakFile: Registered encryption key '00000000000000000000000000000000': 0 pak files mounted, 0 remain pending
[2018.12.24-15.30.39:130][203]LogPakFile: Registered encryption key '00000000000000000000000000000000': 0 pak files mounted, 0 remain pending
[2018.12.24-15.30.39:131][203]LogPakFile: Registered encryption key '00000000000000000000000000000000': 0 pak files mounted, 0 remain pending
[2018.12.24-15.30.39:131][203]LogPakFile: Registered encryption key '00000000000000000000000000000000': 0 pak files mounted, 0 remain pending
[2018.12.24-15.30.39:132][203]LogPakFile: Registered encryption key '00000000000000000000000000000000': 0 pak files mounted, 0 remain pending
[2018.12.24-15.30.39:133][203]LogPakFile: Registered encryption key '00000000000000000000000000000000': 0 pak files mounted, 0 remain pending
[2018.12.24-15.30.39:134][203]LogPakFile: Registered encryption key '00000000000000000000000000000000': 0 pak files mounted, 0 remain pending
[2018.12.24-15.30.39:135][203]LogPakFile: Registered encryption key '00000000000000000000000000000000': 0 pak files mounted, 0 remain pending
[2018.12.24-15.30.39:136][203]LogPakFile: Registered encryption key '00000000000000000000000000000000': 0 pak files mounted, 0 remain pending
[2018.12.24-15.30.39:137][203]LogPakFile: Registered encryption key '00000000000000000000000000000000': 0 pak files mounted, 0 remain pending
[2018.12.24-15.30.39:137][203]LogPakFile: Registered encryption key '00000000000000000000000000000000': 0 pak files mounted, 0 remain pending
[2018.12.24-15.30.39:138][203]LogPakFile: Registered encryption key '00000000000000000000000000000000': 0 pak files mounted, 0 remain pending
[2018.12.24-15.30.39:139][203]LogPakFile: Registered encryption key '00000000000000000000000000000000': 0 pak files mounted, 0 remain pending
[2018.12.24-15.30.39:140][203]LogPakFile: Registered encryption key '00000000000000000000000000000000': 0 pak files mounted, 0 remain pending
[2018.12.24-15.30.39:141][203]LogPakFile: Registered encryption key '00000000000000000000000000000000': 0 pak files mounted, 0 remain pending
[2018.12.24-15.30.39:141][203]LogPakFile: Registered encryption key '00000000000000000000000000000000': 0 pak files mounted, 0 remain pending
[2018.12.24-15.30.39:142][203]LogPakFile: Registered encryption key '00000000000000000000000000000000': 0 pak files mounted, 0 remain pending
[2018.12.24-15.30.39:143][203]LogPakFile: Registered encryption key '00000000000000000000000000000000': 0 pak files mounted, 0 remain pending
[2018.12.24-15.30.39:144][203]LogPakFile: Registered encryption key '00000000000000000000000000000000': 0 pak files mounted, 0 remain pending
[2018.12.24-15.30.39:144][203]LogPakFile: Registered encryption key '00000000000000000000000000000000': 0 pak files mounted, 0 remain pending
[2018.12.24-15.30.39:145][203]LogPakFile: Registered encryption key '00000000000000000000000000000000': 0 pak files mounted, 0 remain pending
[2018.12.24-15.30.39:146][203]LogPakFile: Registered encryption key '00000000000000000000000000000000': 0 pak files mounted, 0 remain pending
[2018.12.24-15.30.39:147][203]LogPakFile: Registered encryption key '00000000000000000000000000000000': 0 pak files mounted, 0 remain pending
[2018.12.24-15.30.39:147][203]LogPakFile: Registered encryption key '00000000000000000000000000000000': 0 pak files mounted, 0 remain pending
[2018.12.24-15.30.39:148][203]LogPakFile: Registered encryption key '00000000000000000000000000000000': 0 pak files mounted, 0 remain pending
[2018.12.24-15.30.39:211][203]LogContentBrowser: Native class hierarchy updated for 'AddContentDialog' in 0.0003 seconds. Added 0 classes and 0 folders.
[2018.12.24-15.30.39:223][203]LogSlate: Took 0.000239 seconds to synchronously load lazily loaded font '../../../Engine/Content/Editor/Slate/Fonts/FontAwesome.ttf' (139K)
[2018.12.24-15.32.10:955][319]LogSlate: Took 0.000286 seconds to synchronously load lazily loaded font '../../../Engine/Content/Slate/Fonts/Roboto-Light.ttf' (167K)
[2018.12.24-15.32.10:962][319]LogAssetEditorManager: Opening Asset editor for Blueprint /Game/RTS/Blueprints/CameraPawnController.CameraPawnController
[2018.12.24-15.32.11:326][319]LogContentBrowser: Native class hierarchy updated for 'BlueprintGraph' in 0.0007 seconds. Added 117 classes and 0 folders.
[2018.12.24-15.32.12:028][319]LogSlate: Took 0.000280 seconds to synchronously load lazily loaded font '../../../Engine/Content/Slate/Fonts/Roboto-BoldCondensed.ttf' (158K)
[2018.12.24-15.32.12:293][320]LogSlate: Took 0.000284 seconds to synchronously load lazily loaded font '../../../Engine/Content/Slate/Fonts/Roboto-Italic.ttf' (157K)
[2018.12.24-15.33.16:598][465]LogAssetEditorManager: Opening Asset editor for Blueprint /Game/RTS/Blueprints/Buildings/GhostBuilding_BP.GhostBuilding_BP
[2018.12.24-15.34.50:270][154]Cmd: OBJ SAVEPACKAGE PACKAGE="/Game/RTS/Blueprints/CameraPawnController" FILE="../../../../Plague/Content/RTS/Blueprints/CameraPawnController.uasset" SILENT=true
[2018.12.24-15.34.50:406][154]LogSavePackage: Moving '../../../../Plague/Saved/CameraPawnController25B7C87148DB5F620C0F0DBA22C75C1E.tmp' to '../../../../Plague/Content/RTS/Blueprints/CameraPawnController.uasset'
[2018.12.24-15.40.28:448][613]BlueprintLog: New page: Compile GhostBuilding_BP
[2018.12.24-15.40.29:200][648]Cmd: OBJ SAVEPACKAGE PACKAGE="/Game/RTS/Blueprints/Buildings/GhostBuilding_BP" FILE="../../../../Plague/Content/RTS/Blueprints/Buildings/GhostBuilding_BP.uasset" SILENT=true
[2018.12.24-15.40.29:302][648]LogSavePackage: Moving '../../../../Plague/Saved/GhostBuilding_BP9248E59B4D3A36455BE4A5AAEA71AA8F.tmp' to '../../../../Plague/Content/RTS/Blueprints/Buildings/GhostBuilding_BP.uasset'
[2018.12.24-15.40.37:097][554]LogTemp: Repeating last play command: Selected Viewport
[2018.12.24-15.40.37:115][554]LogBlueprintUserMessages: Early PlayInEditor Detection: Level '/Game/RTS/Maps/TopDownExampleMap.TopDownExampleMap:PersistentLevel' has LevelScriptBlueprint '/Game/RTS/Maps/TopDownExampleMap.TopDownExampleMap:PersistentLevel.TopDownExampleMap' with GeneratedClass '/Game/RTS/Maps/TopDownExampleMap.TopDownExampleMap_C' with ClassGeneratedBy '/Game/RTS/Maps/TopDownExampleMap.TopDownExampleMap:PersistentLevel.TopDownExampleMap'
[2018.12.24-15.40.37:115][554]LogPlayLevel: PlayLevel: No blueprints needed recompiling
[2018.12.24-15.40.37:115][554]PIE: New page: PIE session: TopDownExampleMap (Dec 23, 2018, 11:40:37 PM)
[2018.12.24-15.40.37:128][554]LogPlayLevel: Creating play world package: /Game/RTS/Maps/UEDPIE_0_TopDownExampleMap
[2018.12.24-15.40.37:152][554]LogPlayLevel: PIE: StaticDuplicateObject took: (0.023742s)
[2018.12.24-15.40.37:152][554]LogAIModule: Creating AISystem for world TopDownExampleMap
[2018.12.24-15.40.37:152][554]LogPlayLevel: PIE: World Init took: (0.000574s)
[2018.12.24-15.40.37:152][554]LogPlayLevel: PIE: Created PIE world by copying editor world from /Game/RTS/Maps/TopDownExampleMap.TopDownExampleMap to /Game/RTS/Maps/UEDPIE_0_TopDownExampleMap.TopDownExampleMap (0.024540s)
[2018.12.24-15.40.37:212][554]LogInit: XAudio2 using 'Arctis 7 (4- Arctis 7 Game)' : 2 channels at 44.1 kHz using 16 bits per sample (channel mask 0x3)
[2018.12.24-15.40.37:227][554]LogInit: FAudioDevice initialized.
[2018.12.24-15.40.37:269][554]LogLoad: Game class is 'MyGameMode_C'
[2018.12.24-15.40.37:271][554]LogWorld: Bringing World /Game/RTS/Maps/UEDPIE_0_TopDownExampleMap.TopDownExampleMap up for play (max tick rate 0) at 2018.12.24-07.40.37
[2018.12.24-15.40.37:272][554]LogWorld: Bringing up level for play took: 0.001884
[2018.12.24-15.40.37:287][554]LogContentBrowser: Native class hierarchy updated for 'MovieSceneCapture' in 0.0004 seconds. Added 20 classes and 0 folders.
[2018.12.24-15.40.37:289][554]PIE: Play in editor start time for /Game/RTS/Maps/UEDPIE_0_TopDownExampleMap 0.924
[2018.12.24-15.40.37:290][554]LogBlueprintUserMessages: Late PlayInEditor Detection: Level '/Game/RTS/Maps/TopDownExampleMap.TopDownExampleMap:PersistentLevel' has LevelScriptBlueprint '/Game/RTS/Maps/TopDownExampleMap.TopDownExampleMap:PersistentLevel.TopDownExampleMap' with GeneratedClass '/Game/RTS/Maps/TopDownExampleMap.TopDownExampleMap_C' with ClassGeneratedBy '/Game/RTS/Maps/TopDownExampleMap.TopDownExampleMap:PersistentLevel.TopDownExampleMap'
[2018.12.24-15.40.40:521][684]LogScript: Warning: Runaway loop detected (over 1,000,000 iterations) - see log for stack trace
	GhostBuilding_BP_C /Game/RTS/Maps/UEDPIE_0_TopDownExampleMap.TopDownExampleMap:PersistentLevel.GhostBuilding_BP_C_0
	Function /Game/RTS/Blueprints/Buildings/GhostBuilding_BP.GhostBuilding_BP_C:ExecuteUbergraph_GhostBuilding_BP:06D5
[2018.12.24-15.40.40:521][684]PIE: Error: Infinite loop detected. Blueprint:  GhostBuilding_BP Function:  Branch Call Stack:  Show
[2018.12.24-15.40.42:665][684]LogScript: Warning: Runaway loop detected (over 1,000,000 iterations) - see log for stack trace
	GhostBuilding_BP_C /Game/RTS/Maps/UEDPIE_0_TopDownExampleMap.TopDownExampleMap:PersistentLevel.GhostBuilding_BP_C_0
	Function /Game/RTS/Blueprints/Buildings/GhostBuilding_BP.GhostBuilding_BP_C:CalculateSlope:033A
[2018.12.24-15.40.42:665][684]PIE: Error: Infinite loop detected. Blueprint:  GhostBuilding_BP Function:  Branch Call Stack:  Show
[2018.12.24-15.40.44:778][684]LogScript: Warning: Runaway loop detected (over 1,000,000 iterations) - see log for stack trace
	GhostBuilding_BP_C /Game/RTS/Maps/UEDPIE_0_TopDownExampleMap.TopDownExampleMap:PersistentLevel.GhostBuilding_BP_C_0
	Function /Game/RTS/Blueprints/Buildings/GhostBuilding_BP.GhostBuilding_BP_C:CalculateSlope:09D8
[2018.12.24-15.40.44:779][684]PIE: Error: Infinite loop detected. Blueprint:  GhostBuilding_BP Function:  Slope Trace Call Stack:  Show
[2018.12.24-15.40.46:923][684]LogScript: Warning: Runaway loop detected (over 1,000,000 iterations) - see log for stack trace
	GhostBuilding_BP_C /Game/RTS/Maps/UEDPIE_0_TopDownExampleMap.TopDownExampleMap:PersistentLevel.GhostBuilding_BP_C_0
	Function /Game/RTS/Blueprints/Buildings/GhostBuilding_BP.GhostBuilding_BP_C:CalculateSlope:09D8
[2018.12.24-15.40.46:923][684]PIE: Error: Infinite loop detected. Blueprint:  GhostBuilding_BP Function:  Slope Trace Call Stack:  Show
[2018.12.24-15.40.49:109][684]LogScript: Warning: Runaway loop detected (over 1,000,000 iterations) - see log for stack trace
	GhostBuilding_BP_C /Game/RTS/Maps/UEDPIE_0_TopDownExampleMap.TopDownExampleMap:PersistentLevel.GhostBuilding_BP_C_0
	Function /Game/RTS/Blueprints/Buildings/GhostBuilding_BP.GhostBuilding_BP_C:CalculateSlope:09D8
[2018.12.24-15.40.49:109][684]PIE: Error: Infinite loop detected. Blueprint:  GhostBuilding_BP Function:  Slope Trace Call Stack:  Show
[2018.12.24-15.40.51:244][684]LogScript: Warning: Runaway loop detected (over 1,000,000 iterations) - see log for stack trace
	GhostBuilding_BP_C /Game/RTS/Maps/UEDPIE_0_TopDownExampleMap.TopDownExampleMap:PersistentLevel.GhostBuilding_BP_C_0
	Function /Game/RTS/Blueprints/Buildings/GhostBuilding_BP.GhostBuilding_BP_C:CalculateSlope:09D8
[2018.12.24-15.40.51:244][684]PIE: Error: Infinite loop detected. Blueprint:  GhostBuilding_BP Function:  Slope Trace Call Stack:  Show
