Log file open, 12/24/18 07:29:18
LogWindows: Failed to load 'aqProf.dll' (GetLastError=126)
LogWindows: File 'aqProf.dll' does not exist
LogWindows: Failed to load 'VtuneApi.dll' (GetLastError=126)
LogWindows: File 'VtuneApi.dll' does not exist
LogWindows: Failed to load 'VtuneApi32e.dll' (GetLastError=126)
LogWindows: File 'VtuneApi32e.dll' does not exist
LogConsoleResponse: Display: Failed to find resolution value strings in scalability ini. Falling back to default.
LogInit: Display: Running engine for game: Plague
LogPakFile: Registered encryption key '00000000000000000000000000000000': 0 pak files mounted, 0 remain pending
LogPlatformFile: Not using cached read wrapper
LogTaskGraph: Started task graph with 5 named threads and 35 total threads with 3 sets of task threads.
LogStats: Stats thread started at 0.402284
LogD3D11RHI: Loaded GFSDK_Aftermath_Lib.x64.dll
LogICUInternationalization: ICU TimeZone Detection - Raw Offset: -8:00, Platform Override: ''
LogPluginManager: Mounting plugin Paper2D
LogPluginManager: Mounting plugin AISupport
LogPluginManager: Mounting plugin LightPropagationVolume
LogPluginManager: Mounting plugin ActorLayerUtilities
LogPluginManager: Mounting plugin CLionSourceCodeAccess
LogPluginManager: Mounting plugin CodeLiteSourceCodeAccess
LogPluginManager: Mounting plugin GitSourceControl
LogPluginManager: Mounting plugin KDevelopSourceCodeAccess
LogPluginManager: Mounting plugin NullSourceCodeAccess
LogPluginManager: Mounting plugin PerforceSourceControl
LogPluginManager: Mounting plugin SubversionSourceControl
LogPluginManager: Mounting plugin UObjectPlugin
LogPluginManager: Mounting plugin VisualStudioCodeSourceCodeAccess
LogPluginManager: Mounting plugin VisualStudioSourceCodeAccess
LogPluginManager: Mounting plugin XCodeSourceCodeAccess
LogPluginManager: Mounting plugin AssetManagerEditor
LogPluginManager: Mounting plugin CryptoKeys
LogPluginManager: Mounting plugin DataValidation
LogPluginManager: Mounting plugin FacialAnimation
LogPluginManager: Mounting plugin GameplayTagsEditor
LogPluginManager: Mounting plugin MacGraphicsSwitching
LogPluginManager: Mounting plugin MeshEditor
LogPluginManager: Mounting plugin MobileLauncherProfileWizard
LogPluginManager: Mounting plugin PluginBrowser
LogPluginManager: Mounting plugin SpeedTreeImporter
LogPluginManager: Mounting plugin DatasmithContent
LogPluginManager: Mounting plugin VariantManagerContent
LogPluginManager: Mounting plugin AlembicImporter
LogPluginManager: Mounting plugin AppleImageUtils
LogPluginManager: Mounting plugin AppleVision
LogPluginManager: Mounting plugin BackChannel
LogPluginManager: Mounting plugin CharacterAI
LogPluginManager: Mounting plugin GeometryCache
LogPluginManager: Mounting plugin HTML5Networking
LogPluginManager: Mounting plugin ProxyLODPlugin
LogPluginManager: Mounting plugin MagicLeap
LogPluginManager: Mounting plugin MagicLeapMedia
LogPluginManager: Mounting plugin AndroidMedia
LogPluginManager: Mounting plugin AvfMedia
LogPluginManager: Mounting plugin ImgMedia
LogPluginManager: Mounting plugin LinearTimecode
LogPluginManager: Mounting plugin MediaCompositing
LogPluginManager: Mounting plugin MediaPlayerEditor
LogPluginManager: Mounting plugin WebMMedia
LogPluginManager: Mounting plugin WmfMedia
LogPluginManager: Mounting plugin TcpMessaging
LogPluginManager: Mounting plugin UdpMessaging
LogPluginManager: Mounting plugin ActorSequence
LogPluginManager: Mounting plugin LevelSequenceEditor
LogPluginManager: Mounting plugin MatineeToLevelSequence
LogPluginManager: Mounting plugin NetcodeUnitTest
LogPluginManager: Mounting plugin NUTUnrealEngine4
LogPluginManager: Mounting plugin OnlineSubsystemGooglePlay
LogPluginManager: Mounting plugin OnlineSubsystemIOS
LogPluginManager: Mounting plugin OnlineSubsystem
LogPluginManager: Mounting plugin OnlineSubsystemNull
LogPluginManager: Mounting plugin OnlineSubsystemUtils
LogPluginManager: Mounting plugin LauncherChunkInstaller
LogPluginManager: Mounting plugin AndroidDeviceProfileSelector
LogPluginManager: Mounting plugin AndroidMoviePlayer
LogPluginManager: Mounting plugin AndroidPermission
LogPluginManager: Mounting plugin AppleMoviePlayer
LogPluginManager: Mounting plugin ArchVisCharacter
LogPluginManager: Mounting plugin AudioCapture
LogPluginManager: Mounting plugin CableComponent
LogPluginManager: Mounting plugin CustomMeshComponent
LogPluginManager: Mounting plugin EditableMesh
LogPluginManager: Mounting plugin ExampleDeviceProfileSelector
LogPluginManager: Mounting plugin Firebase
LogPluginManager: Mounting plugin GoogleCloudMessaging
LogPluginManager: Mounting plugin IOSDeviceProfileSelector
LogPluginManager: Mounting plugin LinuxDeviceProfileSelector
LogPluginManager: Mounting plugin LocationServicesBPLibrary
LogPluginManager: Mounting plugin MobilePatchingUtils
LogPluginManager: Mounting plugin OculusVR
LogPluginManager: Mounting plugin PhysXVehicles
LogPluginManager: Mounting plugin ProceduralMeshComponent
LogPluginManager: Mounting plugin RuntimePhysXCooking
LogPluginManager: Mounting plugin SteamVR
LogPluginManager: Mounting plugin WebMMoviePlayer
LogPluginManager: Mounting plugin WindowsMoviePlayer
LogStreaming: Display: Took  0.115s to configure plugins.
LogInit: Using libcurl 7.55.1-DEV
LogInit:  - built for x86_64-pc-win32
LogInit:  - supports SSL with OpenSSL/1.0.2h
LogInit:  - supports HTTP deflate (compression) using libz 1.2.8
LogInit:  - other features:
LogInit:      CURL_VERSION_SSL
LogInit:      CURL_VERSION_LIBZ
LogInit:      CURL_VERSION_IPV6
LogInit:      CURL_VERSION_ASYNCHDNS
LogInit:      CURL_VERSION_LARGEFILE
LogInit:      CURL_VERSION_IDN
LogInit:  CurlRequestOptions (configurable via config and command line):
LogInit:  - bVerifyPeer = true  - Libcurl will verify peer certificate
LogInit:  - bUseHttpProxy = false  - Libcurl will NOT use HTTP proxy
LogInit:  - bDontReuseConnections = false  - Libcurl will reuse connections
LogInit:  - MaxHostConnections = 16  - Libcurl will limit the number of connections to a host
LogInit:  - LocalHostAddr = Default
LogInit:  - BufferSize = 65536
LogInit: WinSock: version 1.1 (2.2), MaxSocks=32767, MaxUdp=65467
LogInit: Build: ++UE4+Release-4.21-CL-4613538
LogInit: Engine Version: 4.21.1-4613538+++UE4+Release-4.21
LogInit: Compatible Engine Version: 4.21.0-4541578+++UE4+Release-4.21
LogInit: Net CL: 4541578
LogInit: OS: Windows 10 (), CPU: Intel(R) Core(TM) i7-5820K CPU @ 3.30GHz, GPU: NVIDIA GeForce GTX 1080
LogInit: Compiled (64-bit): Nov 30 2018 04:13:25
LogInit: Compiled with Visual C++: 19.13.26129.00
LogInit: Build Configuration: Development
LogInit: Branch Name: ++UE4+Release-4.21
LogInit: Command Line: 
LogInit: Base Directory: F:/Epic Games/UE_4.21/Engine/Binaries/Win64/
LogInit: Installed Engine Build: 1
LogDevObjectVersion: Number of dev versions registered: 22
LogDevObjectVersion:   Dev-Blueprints (B0D832E4-1F89-4F0D-ACCF-7EB736FD4AA2): 10
LogDevObjectVersion:   Dev-Build (E1C64328-A22C-4D53-A36C-8E866417BD8C): 0
LogDevObjectVersion:   Dev-Core (375EC13C-06E4-48FB-B500-84F0262A717E): 2
LogDevObjectVersion:   Dev-Editor (E4B068ED-F494-42E9-A231-DA0B2E46BB41): 26
LogDevObjectVersion:   Dev-Framework (CFFC743F-43B0-4480-9391-14DF171D2073): 34
LogDevObjectVersion:   Dev-Mobile (B02B49B5-BB20-44E9-A304-32B752E40360): 2
LogDevObjectVersion:   Dev-Networking (A4E4105C-59A1-49B5-A7C5-40C4547EDFEE): 0
LogDevObjectVersion:   Dev-Online (39C831C9-5AE6-47DC-9A44-9C173E1C8E7C): 0
LogDevObjectVersion:   Dev-Physics (78F01B33-EBEA-4F98-B9B4-84EACCB95AA2): 0
LogDevObjectVersion:   Dev-Platform (6631380F-2D4D-43E0-8009-CF276956A95A): 0
LogDevObjectVersion:   Dev-Rendering (12F88B9F-8875-4AFC-A67C-D90C383ABD29): 27
LogDevObjectVersion:   Dev-Sequencer (7B5AE74C-D270-4C10-A958-57980B212A5A): 9
LogDevObjectVersion:   Dev-VR (D7296918-1DD6-4BDD-9DE2-64A83CC13884): 2
LogDevObjectVersion:   Dev-LoadTimes (C2A15278-BFE7-4AFE-6C17-90FF531DF755): 1
LogDevObjectVersion:   Private-Geometry (6EACA3D4-40EC-4CC1-B786-8BED09428FC5): 3
LogDevObjectVersion:   Dev-AnimPhys (29E575DD-E0A3-4627-9D10-D276232CDCEA): 17
LogDevObjectVersion:   Dev-Anim (AF43A65D-7FD3-4947-9873-3E8ED9C1BB05): 2
LogDevObjectVersion:   Dev-ReflectionCapture (6B266CEC-1EC7-4B8F-A30B-E4D90942FC07): 1
LogDevObjectVersion:   Dev-Automation (0DF73D61-A23F-47EA-B727-89E90C41499A): 1
LogDevObjectVersion:   FortniteMain (601D1886-AC64-4F84-AA16-D3DE0DEAC7D6): 17
LogDevObjectVersion:   Dev-Enterprise (9DFFBCD6-494F-0158-E221-12823C92A888): 4
LogDevObjectVersion:   Dev-Niagara (F2AED0AC-9AFE-416F-8664-AA7FFA26D6FC): 1
LogStreaming: Display: Took  0.001s to delete old logs.
LogInit: Presizing for max 8388607 objects, including 0 objects not considered by GC, pre-allocating 0 bytes for permanent pool.
LogInit: Object subsystem initialized
LogConfig: Setting CVar [[con.DebugEarlyDefault:1]]
LogConfig: Setting CVar [[r.setres:1280x720]]
[2018.12.24-15.29.18:993][  0]LogConfig: Setting CVar [[r.VSync:0]]
[2018.12.24-15.29.18:993][  0]LogConfig: Setting CVar [[r.RHICmdBypass:0]]
[2018.12.24-15.29.18:993][  0]LogConfig: Applying CVar settings from Section [/Script/Engine.RendererSettings] File [F:/Epic Games/Plague/Saved/Config/Windows/Engine.ini]
[2018.12.24-15.29.18:993][  0]LogConfig: Setting CVar [[r.GPUCrashDebugging:0]]
[2018.12.24-15.29.18:993][  0]LogConfig: Applying CVar settings from Section [/Script/Engine.RendererOverrideSettings] File [F:/Epic Games/Plague/Saved/Config/Windows/Engine.ini]
[2018.12.24-15.29.18:993][  0]LogConfig: Applying CVar settings from Section [/Script/Engine.StreamingSettings] File [F:/Epic Games/Plague/Saved/Config/Windows/Engine.ini]
[2018.12.24-15.29.18:993][  0]LogConfig: Setting CVar [[s.MinBulkDataSizeForAsyncLoading:131072]]
[2018.12.24-15.29.18:993][  0]LogConfig: Setting CVar [[s.AsyncLoadingThreadEnabled:0]]
[2018.12.24-15.29.18:993][  0]LogConfig: Setting CVar [[s.EventDrivenLoaderEnabled:1]]
[2018.12.24-15.29.18:993][  0]LogConfig: Setting CVar [[s.WarnIfTimeLimitExceeded:0]]
[2018.12.24-15.29.18:993][  0]LogConfig: Setting CVar [[s.TimeLimitExceededMultiplier:1.5]]
[2018.12.24-15.29.18:993][  0]LogConfig: Setting CVar [[s.TimeLimitExceededMinTime:0.005]]
[2018.12.24-15.29.18:993][  0]LogConfig: Setting CVar [[s.UseBackgroundLevelStreaming:1]]
[2018.12.24-15.29.18:993][  0]LogConfig: Setting CVar [[s.PriorityAsyncLoadingExtraTime:15.0]]
[2018.12.24-15.29.18:993][  0]LogConfig: Setting CVar [[s.LevelStreamingActorsUpdateTimeLimit:5.0]]
[2018.12.24-15.29.18:993][  0]LogConfig: Setting CVar [[s.PriorityLevelStreamingActorsUpdateExtraTime:5.0]]
[2018.12.24-15.29.18:993][  0]LogConfig: Setting CVar [[s.LevelStreamingComponentsRegistrationGranularity:10]]
[2018.12.24-15.29.18:993][  0]LogConfig: Setting CVar [[s.UnregisterComponentsTimeLimit:1.0]]
[2018.12.24-15.29.18:993][  0]LogConfig: Setting CVar [[s.LevelStreamingComponentsUnregistrationGranularity:5]]
[2018.12.24-15.29.18:993][  0]LogConfig: Applying CVar settings from Section [/Script/Engine.GarbageCollectionSettings] File [F:/Epic Games/Plague/Saved/Config/Windows/Engine.ini]
[2018.12.24-15.29.18:993][  0]LogConfig: Setting CVar [[gc.MaxObjectsNotConsideredByGC:1]]
[2018.12.24-15.29.18:993][  0]LogConfig: Setting CVar [[gc.SizeOfPermanentObjectPool:0]]
[2018.12.24-15.29.18:993][  0]LogConfig: Setting CVar [[gc.FlushStreamingOnGC:0]]
[2018.12.24-15.29.18:993][  0]LogConfig: Setting CVar [[gc.NumRetriesBeforeForcingGC:10]]
[2018.12.24-15.29.18:993][  0]LogConfig: Setting CVar [[gc.AllowParallelGC:1]]
[2018.12.24-15.29.18:993][  0]LogConfig: Setting CVar [[gc.TimeBetweenPurgingPendingKillObjects:61.1]]
[2018.12.24-15.29.18:993][  0]LogConfig: Setting CVar [[gc.MaxObjectsInEditor:8388607]]
[2018.12.24-15.29.18:993][  0]LogConfig: Setting CVar [[gc.IncrementalBeginDestroyEnabled:1]]
[2018.12.24-15.29.18:993][  0]LogConfig: Setting CVar [[gc.CreateGCClusters:1]]
[2018.12.24-15.29.18:993][  0]LogConfig: Setting CVar [[gc.MergeGCClusters:0]]
[2018.12.24-15.29.18:994][  0]LogConfig: Setting CVar [[gc.MinGCClusterSize:5]]
[2018.12.24-15.29.18:994][  0]LogConfig: Setting CVar [[gc.ActorClusteringEnabled:0]]
[2018.12.24-15.29.18:994][  0]LogConfig: Setting CVar [[gc.BlueprintClusteringEnabled:0]]
[2018.12.24-15.29.18:994][  0]LogConfig: Setting CVar [[gc.UseDisregardForGCOnDedicatedServers:0]]
[2018.12.24-15.29.18:994][  0]LogConfig: Applying CVar settings from Section [/Script/Engine.NetworkSettings] File [F:/Epic Games/Plague/Saved/Config/Windows/Engine.ini]
[2018.12.24-15.29.18:994][  0]LogConfig: Applying CVar settings from Section [/Script/UnrealEd.CookerSettings] File [F:/Epic Games/Plague/Saved/Config/Windows/Engine.ini]
[2018.12.24-15.29.19:003][  0]LogConfig: Applying CVar settings from Section [ViewDistanceQuality@3] File [F:/Epic Games/Plague/Saved/Config/Windows/Scalability.ini]
[2018.12.24-15.29.19:003][  0]LogConfig: Setting CVar [[r.SkeletalMeshLODBias:0]]
[2018.12.24-15.29.19:003][  0]LogConfig: Setting CVar [[r.ViewDistanceScale:1.0]]
[2018.12.24-15.29.19:003][  0]LogConfig: Applying CVar settings from Section [AntiAliasingQuality@3] File [F:/Epic Games/Plague/Saved/Config/Windows/Scalability.ini]
[2018.12.24-15.29.19:003][  0]LogConfig: Setting CVar [[r.PostProcessAAQuality:4]]
[2018.12.24-15.29.19:003][  0]LogConfig: Applying CVar settings from Section [ShadowQuality@3] File [F:/Epic Games/Plague/Saved/Config/Windows/Scalability.ini]
[2018.12.24-15.29.19:003][  0]LogConfig: Setting CVar [[r.LightFunctionQuality:1]]
[2018.12.24-15.29.19:003][  0]LogConfig: Setting CVar [[r.ShadowQuality:5]]
[2018.12.24-15.29.19:003][  0]LogConfig: Setting CVar [[r.Shadow.CSM.MaxCascades:10]]
[2018.12.24-15.29.19:003][  0]LogConfig: Setting CVar [[r.Shadow.MaxResolution:2048]]
[2018.12.24-15.29.19:003][  0]LogConfig: Setting CVar [[r.Shadow.MaxCSMResolution:2048]]
[2018.12.24-15.29.19:003][  0]LogConfig: Setting CVar [[r.Shadow.RadiusThreshold:0.01]]
[2018.12.24-15.29.19:003][  0]LogConfig: Setting CVar [[r.Shadow.DistanceScale:1.0]]
[2018.12.24-15.29.19:003][  0]LogConfig: Setting CVar [[r.Shadow.CSM.TransitionScale:1.0]]
[2018.12.24-15.29.19:003][  0]LogConfig: Setting CVar [[r.Shadow.PreShadowResolutionFactor:1.0]]
[2018.12.24-15.29.19:003][  0]LogConfig: Setting CVar [[r.DistanceFieldShadowing:1]]
[2018.12.24-15.29.19:003][  0]LogConfig: Setting CVar [[r.DistanceFieldAO:1]]
[2018.12.24-15.29.19:003][  0]LogConfig: Setting CVar [[r.AOQuality:2]]
[2018.12.24-15.29.19:003][  0]LogConfig: Setting CVar [[r.VolumetricFog:1]]
[2018.12.24-15.29.19:003][  0]LogConfig: Setting CVar [[r.VolumetricFog.GridPixelSize:8]]
[2018.12.24-15.29.19:003][  0]LogConfig: Setting CVar [[r.VolumetricFog.GridSizeZ:128]]
[2018.12.24-15.29.19:003][  0]LogConfig: Setting CVar [[r.VolumetricFog.HistoryMissSupersampleCount:4]]
[2018.12.24-15.29.19:003][  0]LogConfig: Setting CVar [[r.LightMaxDrawDistanceScale:1]]
[2018.12.24-15.29.19:003][  0]LogConfig: Setting CVar [[r.CapsuleShadows:1]]
[2018.12.24-15.29.19:003][  0]LogConfig: Applying CVar settings from Section [PostProcessQuality@3] File [F:/Epic Games/Plague/Saved/Config/Windows/Scalability.ini]
[2018.12.24-15.29.19:003][  0]LogConfig: Setting CVar [[r.MotionBlurQuality:4]]
[2018.12.24-15.29.19:003][  0]LogConfig: Setting CVar [[r.AmbientOcclusionMipLevelFactor:0.4]]
[2018.12.24-15.29.19:003][  0]LogConfig: Setting CVar [[r.AmbientOcclusionMaxQuality:100]]
[2018.12.24-15.29.19:003][  0]LogConfig: Setting CVar [[r.AmbientOcclusionLevels:-1]]
[2018.12.24-15.29.19:003][  0]LogConfig: Setting CVar [[r.AmbientOcclusionRadiusScale:1.0]]
[2018.12.24-15.29.19:003][  0]LogConfig: Setting CVar [[r.DepthOfFieldQuality:2]]
[2018.12.24-15.29.19:003][  0]LogConfig: Setting CVar [[r.RenderTargetPoolMin:400]]
[2018.12.24-15.29.19:003][  0]LogConfig: Setting CVar [[r.LensFlareQuality:2]]
[2018.12.24-15.29.19:003][  0]LogConfig: Setting CVar [[r.SceneColorFringeQuality:1]]
[2018.12.24-15.29.19:003][  0]LogConfig: Setting CVar [[r.EyeAdaptationQuality:2]]
[2018.12.24-15.29.19:003][  0]LogConfig: Setting CVar [[r.BloomQuality:5]]
[2018.12.24-15.29.19:003][  0]LogConfig: Setting CVar [[r.FastBlurThreshold:100]]
[2018.12.24-15.29.19:003][  0]LogConfig: Setting CVar [[r.Upscale.Quality:3]]
[2018.12.24-15.29.19:003][  0]LogConfig: Setting CVar [[r.Tonemapper.GrainQuantization:1]]
[2018.12.24-15.29.19:003][  0]LogConfig: Setting CVar [[r.LightShaftQuality:1]]
[2018.12.24-15.29.19:003][  0]LogConfig: Setting CVar [[r.Filter.SizeScale:1]]
[2018.12.24-15.29.19:003][  0]LogConfig: Setting CVar [[r.Tonemapper.Quality:5]]
[2018.12.24-15.29.19:003][  0]LogConfig: Setting CVar [[r.DOF.Gather.AccumulatorQuality:1        ; higher gathering accumulator quality]]
[2018.12.24-15.29.19:004][  0]LogConfig: Setting CVar [[r.DOF.Gather.PostfilterMethod:1          ; Median3x3 postfilering method]]
[2018.12.24-15.29.19:004][  0]LogConfig: Setting CVar [[r.DOF.Gather.EnableBokehSettings:0       ; no bokeh simulation when gathering]]
[2018.12.24-15.29.19:004][  0]LogConfig: Setting CVar [[r.DOF.Gather.RingCount:4                 ; medium number of samples when gathering]]
[2018.12.24-15.29.19:004][  0]LogConfig: Setting CVar [[r.DOF.Scatter.ForegroundCompositing:1    ; additive foreground scattering]]
[2018.12.24-15.29.19:004][  0]LogConfig: Setting CVar [[r.DOF.Scatter.BackgroundCompositing:2    ; additive background scattering]]
[2018.12.24-15.29.19:004][  0]LogConfig: Setting CVar [[r.DOF.Scatter.EnableBokehSettings:1      ; bokeh simulation when scattering]]
[2018.12.24-15.29.19:004][  0]LogConfig: Setting CVar [[r.DOF.Scatter.MaxSpriteRatio:0.1         ; only a maximum of 10% of scattered bokeh]]
[2018.12.24-15.29.19:004][  0]LogConfig: Setting CVar [[r.DOF.Recombine.Quality:1                ; cheap slight out of focus]]
[2018.12.24-15.29.19:004][  0]LogConfig: Setting CVar [[r.DOF.Recombine.EnableBokehSettings:0    ; no bokeh simulation on slight out of focus]]
[2018.12.24-15.29.19:004][  0]LogConfig: Setting CVar [[r.DOF.TemporalAAQuality:1                ; more stable temporal accumulation]]
[2018.12.24-15.29.19:004][  0]LogConfig: Setting CVar [[r.DOF.Kernel.MaxForegroundRadius:0.025]]
[2018.12.24-15.29.19:004][  0]LogConfig: Setting CVar [[r.DOF.Kernel.MaxBackgroundRadius:0.025]]
[2018.12.24-15.29.19:004][  0]LogConfig: Applying CVar settings from Section [TextureQuality@3] File [F:/Epic Games/Plague/Saved/Config/Windows/Scalability.ini]
[2018.12.24-15.29.19:004][  0]LogConfig: Setting CVar [[r.Streaming.MipBias:0]]
[2018.12.24-15.29.19:004][  0]LogConfig: Setting CVar [[r.Streaming.AmortizeCPUToGPUCopy:0]]
[2018.12.24-15.29.19:004][  0]LogConfig: Setting CVar [[r.Streaming.MaxNumTexturesToStreamPerFrame:0]]
[2018.12.24-15.29.19:004][  0]LogConfig: Setting CVar [[r.Streaming.Boost:1]]
[2018.12.24-15.29.19:004][  0]LogConfig: Setting CVar [[r.MaxAnisotropy:8]]
[2018.12.24-15.29.19:004][  0]LogConfig: Setting CVar [[r.Streaming.LimitPoolSizeToVRAM:0]]
[2018.12.24-15.29.19:004][  0]LogConfig: Setting CVar [[r.Streaming.PoolSize:1000]]
[2018.12.24-15.29.19:004][  0]LogConfig: Setting CVar [[r.Streaming.MaxEffectiveScreenSize:0]]
[2018.12.24-15.29.19:004][  0]LogConfig: Applying CVar settings from Section [EffectsQuality@3] File [F:/Epic Games/Plague/Saved/Config/Windows/Scalability.ini]
[2018.12.24-15.29.19:004][  0]LogConfig: Setting CVar [[r.TranslucencyLightingVolumeDim:64]]
[2018.12.24-15.29.19:004][  0]LogConfig: Setting CVar [[r.RefractionQuality:2]]
[2018.12.24-15.29.19:004][  0]LogConfig: Setting CVar [[r.SSR.Quality:3]]
[2018.12.24-15.29.19:004][  0]LogConfig: Setting CVar [[r.SceneColorFormat:4]]
[2018.12.24-15.29.19:004][  0]LogConfig: Setting CVar [[r.DetailMode:2]]
[2018.12.24-15.29.19:004][  0]LogConfig: Setting CVar [[r.TranslucencyVolumeBlur:1]]
[2018.12.24-15.29.19:004][  0]LogConfig: Setting CVar [[r.MaterialQualityLevel:1 ; High quality]]
[2018.12.24-15.29.19:004][  0]LogConfig: Setting CVar [[r.SSS.Scale:1]]
[2018.12.24-15.29.19:004][  0]LogConfig: Setting CVar [[r.SSS.SampleSet:2]]
[2018.12.24-15.29.19:004][  0]LogConfig: Setting CVar [[r.SSS.Quality:1]]
[2018.12.24-15.29.19:004][  0]LogConfig: Setting CVar [[r.SSS.HalfRes:1]]
[2018.12.24-15.29.19:004][  0]LogConfig: Setting CVar [[r.EmitterSpawnRateScale:1.0]]
[2018.12.24-15.29.19:004][  0]LogConfig: Setting CVar [[r.ParticleLightQuality:2]]
[2018.12.24-15.29.19:004][  0]LogConfig: Applying CVar settings from Section [FoliageQuality@3] File [F:/Epic Games/Plague/Saved/Config/Windows/Scalability.ini]
[2018.12.24-15.29.19:004][  0]LogConfig: Setting CVar [[foliage.DensityScale:1.0]]
[2018.12.24-15.29.19:004][  0]LogConfig: Setting CVar [[grass.DensityScale:1.0]]
[2018.12.24-15.29.19:004][  0]LogInit: Selected Device Profile: [Windows]
[2018.12.24-15.29.19:004][  0]LogInit: Applying CVar settings loaded from the selected device profile: [Windows]
[2018.12.24-15.29.19:015][  0]LogHAL: Display: Platform has ~ 32 GB [34267828224 / 34359738368 / 32], which maps to Largest [LargestMinGB=32, LargerMinGB=12, DefaultMinGB=8, SmallerMinGB=6, SmallestMinGB=0)
[2018.12.24-15.29.19:015][  0]LogConfig: Setting CVar [[r.Vulkan.UseRealUBs:1]]
[2018.12.24-15.29.19:015][  0]LogInit: Going up to parent DeviceProfile []
[2018.12.24-15.29.19:015][  0]LogConfig: Applying CVar settings from Section [ViewDistanceQuality@3] File [F:/Epic Games/Plague/Saved/Config/Windows/Scalability.ini]
[2018.12.24-15.29.19:015][  0]LogConfig: Setting CVar [[r.SkeletalMeshLODBias:0]]
[2018.12.24-15.29.19:015][  0]LogConfig: Setting CVar [[r.ViewDistanceScale:1.0]]
[2018.12.24-15.29.19:015][  0]LogConfig: Applying CVar settings from Section [AntiAliasingQuality@3] File [F:/Epic Games/Plague/Saved/Config/Windows/Scalability.ini]
[2018.12.24-15.29.19:015][  0]LogConfig: Setting CVar [[r.PostProcessAAQuality:4]]
[2018.12.24-15.29.19:015][  0]LogConfig: Applying CVar settings from Section [ShadowQuality@3] File [F:/Epic Games/Plague/Saved/Config/Windows/Scalability.ini]
[2018.12.24-15.29.19:015][  0]LogConfig: Setting CVar [[r.LightFunctionQuality:1]]
[2018.12.24-15.29.19:015][  0]LogConfig: Setting CVar [[r.ShadowQuality:5]]
[2018.12.24-15.29.19:015][  0]LogConfig: Setting CVar [[r.Shadow.CSM.MaxCascades:10]]
[2018.12.24-15.29.19:015][  0]LogConfig: Setting CVar [[r.Shadow.MaxResolution:2048]]
[2018.12.24-15.29.19:015][  0]LogConfig: Setting CVar [[r.Shadow.MaxCSMResolution:2048]]
[2018.12.24-15.29.19:015][  0]LogConfig: Setting CVar [[r.Shadow.RadiusThreshold:0.01]]
[2018.12.24-15.29.19:015][  0]LogConfig: Setting CVar [[r.Shadow.DistanceScale:1.0]]
[2018.12.24-15.29.19:015][  0]LogConfig: Setting CVar [[r.Shadow.CSM.TransitionScale:1.0]]
[2018.12.24-15.29.19:015][  0]LogConfig: Setting CVar [[r.Shadow.PreShadowResolutionFactor:1.0]]
[2018.12.24-15.29.19:015][  0]LogConfig: Setting CVar [[r.DistanceFieldShadowing:1]]
[2018.12.24-15.29.19:015][  0]LogConfig: Setting CVar [[r.DistanceFieldAO:1]]
[2018.12.24-15.29.19:015][  0]LogConfig: Setting CVar [[r.AOQuality:2]]
[2018.12.24-15.29.19:015][  0]LogConfig: Setting CVar [[r.VolumetricFog:1]]
[2018.12.24-15.29.19:015][  0]LogConfig: Setting CVar [[r.VolumetricFog.GridPixelSize:8]]
[2018.12.24-15.29.19:015][  0]LogConfig: Setting CVar [[r.VolumetricFog.GridSizeZ:128]]
[2018.12.24-15.29.19:015][  0]LogConfig: Setting CVar [[r.VolumetricFog.HistoryMissSupersampleCount:4]]
[2018.12.24-15.29.19:016][  0]LogConfig: Setting CVar [[r.LightMaxDrawDistanceScale:1]]
[2018.12.24-15.29.19:016][  0]LogConfig: Setting CVar [[r.CapsuleShadows:1]]
[2018.12.24-15.29.19:016][  0]LogConfig: Applying CVar settings from Section [PostProcessQuality@3] File [F:/Epic Games/Plague/Saved/Config/Windows/Scalability.ini]
[2018.12.24-15.29.19:016][  0]LogConfig: Setting CVar [[r.MotionBlurQuality:4]]
[2018.12.24-15.29.19:016][  0]LogConfig: Setting CVar [[r.AmbientOcclusionMipLevelFactor:0.4]]
[2018.12.24-15.29.19:016][  0]LogConfig: Setting CVar [[r.AmbientOcclusionMaxQuality:100]]
[2018.12.24-15.29.19:016][  0]LogConfig: Setting CVar [[r.AmbientOcclusionLevels:-1]]
[2018.12.24-15.29.19:016][  0]LogConfig: Setting CVar [[r.AmbientOcclusionRadiusScale:1.0]]
[2018.12.24-15.29.19:016][  0]LogConfig: Setting CVar [[r.DepthOfFieldQuality:2]]
[2018.12.24-15.29.19:016][  0]LogConfig: Setting CVar [[r.RenderTargetPoolMin:400]]
[2018.12.24-15.29.19:016][  0]LogConfig: Setting CVar [[r.LensFlareQuality:2]]
[2018.12.24-15.29.19:016][  0]LogConfig: Setting CVar [[r.SceneColorFringeQuality:1]]
[2018.12.24-15.29.19:016][  0]LogConfig: Setting CVar [[r.EyeAdaptationQuality:2]]
[2018.12.24-15.29.19:016][  0]LogConfig: Setting CVar [[r.BloomQuality:5]]
[2018.12.24-15.29.19:016][  0]LogConfig: Setting CVar [[r.FastBlurThreshold:100]]
[2018.12.24-15.29.19:016][  0]LogConfig: Setting CVar [[r.Upscale.Quality:3]]
[2018.12.24-15.29.19:016][  0]LogConfig: Setting CVar [[r.Tonemapper.GrainQuantization:1]]
[2018.12.24-15.29.19:016][  0]LogConfig: Setting CVar [[r.LightShaftQuality:1]]
[2018.12.24-15.29.19:016][  0]LogConfig: Setting CVar [[r.Filter.SizeScale:1]]
[2018.12.24-15.29.19:016][  0]LogConfig: Setting CVar [[r.Tonemapper.Quality:5]]
[2018.12.24-15.29.19:016][  0]LogConfig: Setting CVar [[r.DOF.Gather.AccumulatorQuality:1        ; higher gathering accumulator quality]]
[2018.12.24-15.29.19:016][  0]LogConfig: Setting CVar [[r.DOF.Gather.PostfilterMethod:1          ; Median3x3 postfilering method]]
[2018.12.24-15.29.19:016][  0]LogConfig: Setting CVar [[r.DOF.Gather.EnableBokehSettings:0       ; no bokeh simulation when gathering]]
[2018.12.24-15.29.19:016][  0]LogConfig: Setting CVar [[r.DOF.Gather.RingCount:4                 ; medium number of samples when gathering]]
[2018.12.24-15.29.19:016][  0]LogConfig: Setting CVar [[r.DOF.Scatter.ForegroundCompositing:1    ; additive foreground scattering]]
[2018.12.24-15.29.19:016][  0]LogConfig: Setting CVar [[r.DOF.Scatter.BackgroundCompositing:2    ; additive background scattering]]
[2018.12.24-15.29.19:016][  0]LogConfig: Setting CVar [[r.DOF.Scatter.EnableBokehSettings:1      ; bokeh simulation when scattering]]
[2018.12.24-15.29.19:016][  0]LogConfig: Setting CVar [[r.DOF.Scatter.MaxSpriteRatio:0.1         ; only a maximum of 10% of scattered bokeh]]
[2018.12.24-15.29.19:016][  0]LogConfig: Setting CVar [[r.DOF.Recombine.Quality:1                ; cheap slight out of focus]]
[2018.12.24-15.29.19:016][  0]LogConfig: Setting CVar [[r.DOF.Recombine.EnableBokehSettings:0    ; no bokeh simulation on slight out of focus]]
[2018.12.24-15.29.19:016][  0]LogConfig: Setting CVar [[r.DOF.TemporalAAQuality:1                ; more stable temporal accumulation]]
[2018.12.24-15.29.19:016][  0]LogConfig: Setting CVar [[r.DOF.Kernel.MaxForegroundRadius:0.025]]
[2018.12.24-15.29.19:016][  0]LogConfig: Setting CVar [[r.DOF.Kernel.MaxBackgroundRadius:0.025]]
[2018.12.24-15.29.19:016][  0]LogConfig: Applying CVar settings from Section [TextureQuality@3] File [F:/Epic Games/Plague/Saved/Config/Windows/Scalability.ini]
[2018.12.24-15.29.19:016][  0]LogConfig: Setting CVar [[r.Streaming.MipBias:0]]
[2018.12.24-15.29.19:016][  0]LogConfig: Setting CVar [[r.Streaming.AmortizeCPUToGPUCopy:0]]
[2018.12.24-15.29.19:016][  0]LogConfig: Setting CVar [[r.Streaming.MaxNumTexturesToStreamPerFrame:0]]
[2018.12.24-15.29.19:016][  0]LogConfig: Setting CVar [[r.Streaming.Boost:1]]
[2018.12.24-15.29.19:016][  0]LogConfig: Setting CVar [[r.MaxAnisotropy:8]]
[2018.12.24-15.29.19:016][  0]LogConfig: Setting CVar [[r.Streaming.LimitPoolSizeToVRAM:0]]
[2018.12.24-15.29.19:016][  0]LogConfig: Setting CVar [[r.Streaming.PoolSize:1000]]
[2018.12.24-15.29.19:016][  0]LogConfig: Setting CVar [[r.Streaming.MaxEffectiveScreenSize:0]]
[2018.12.24-15.29.19:016][  0]LogConfig: Applying CVar settings from Section [EffectsQuality@3] File [F:/Epic Games/Plague/Saved/Config/Windows/Scalability.ini]
[2018.12.24-15.29.19:016][  0]LogConfig: Setting CVar [[r.TranslucencyLightingVolumeDim:64]]
[2018.12.24-15.29.19:016][  0]LogConfig: Setting CVar [[r.RefractionQuality:2]]
[2018.12.24-15.29.19:016][  0]LogConfig: Setting CVar [[r.SSR.Quality:3]]
[2018.12.24-15.29.19:016][  0]LogConfig: Setting CVar [[r.SceneColorFormat:4]]
[2018.12.24-15.29.19:016][  0]LogConfig: Setting CVar [[r.DetailMode:2]]
[2018.12.24-15.29.19:016][  0]LogConfig: Setting CVar [[r.TranslucencyVolumeBlur:1]]
[2018.12.24-15.29.19:016][  0]LogConfig: Setting CVar [[r.MaterialQualityLevel:1 ; High quality]]
[2018.12.24-15.29.19:016][  0]LogConfig: Setting CVar [[r.SSS.Scale:1]]
[2018.12.24-15.29.19:016][  0]LogConfig: Setting CVar [[r.SSS.SampleSet:2]]
[2018.12.24-15.29.19:016][  0]LogConfig: Setting CVar [[r.SSS.Quality:1]]
[2018.12.24-15.29.19:016][  0]LogConfig: Setting CVar [[r.SSS.HalfRes:1]]
[2018.12.24-15.29.19:016][  0]LogConfig: Setting CVar [[r.EmitterSpawnRateScale:1.0]]
[2018.12.24-15.29.19:016][  0]LogConfig: Setting CVar [[r.ParticleLightQuality:2]]
[2018.12.24-15.29.19:016][  0]LogConfig: Applying CVar settings from Section [FoliageQuality@3] File [F:/Epic Games/Plague/Saved/Config/Windows/Scalability.ini]
[2018.12.24-15.29.19:016][  0]LogConfig: Setting CVar [[foliage.DensityScale:1.0]]
[2018.12.24-15.29.19:016][  0]LogConfig: Setting CVar [[grass.DensityScale:1.0]]
[2018.12.24-15.29.19:016][  0]LogConfig: Applying CVar settings from Section [Startup] File [../../../Engine/Config/ConsoleVariables.ini]
[2018.12.24-15.29.19:016][  0]LogConfig: Setting CVar [[net.UseAdaptiveNetUpdateFrequency:0]]
[2018.12.24-15.29.19:016][  0]LogConfig: Applying CVar settings from Section [ConsoleVariables] File [F:/Epic Games/Plague/Saved/Config/Windows/Engine.ini]
[2018.12.24-15.29.19:017][  0]LogInit: Computer: JOSH
[2018.12.24-15.29.19:017][  0]LogInit: User: joshua
[2018.12.24-15.29.19:017][  0]LogInit: CPU Page size=4096, Cores=6
[2018.12.24-15.29.19:017][  0]LogInit: High frequency timer resolution =10.000000 MHz
[2018.12.24-15.29.19:017][  0]LogMemory: Memory total: Physical=31.9GB (32GB approx)
[2018.12.24-15.29.19:017][  0]LogMemory: Platform Memory Stats for Windows
[2018.12.24-15.29.19:017][  0]LogMemory: Process Physical Memory: 103.99 MB used, 103.99 MB peak
[2018.12.24-15.29.19:017][  0]LogMemory: Process Virtual Memory: 86.65 MB used, 86.65 MB peak
[2018.12.24-15.29.19:017][  0]LogMemory: Physical Memory: 10105.13 MB used,  22575.21 MB free, 32680.35 MB total
[2018.12.24-15.29.19:017][  0]LogMemory: Virtual Memory: 4662.29 MB used,  134213064.00 MB free, 134217728.00 MB total
[2018.12.24-15.29.19:043][  0]LogInit: Using OS detected language (en-US).
[2018.12.24-15.29.19:043][  0]LogInit: Using OS detected locale (en-US).
[2018.12.24-15.29.19:044][  0]LogTextLocalizationManager: No specific localization for 'en-US' exists, so the 'en' localization will be used.
[2018.12.24-15.29.19:400][  0]LogStreaming: Display: Took  0.357s to InitEngineTextLocalization.
[2018.12.24-15.29.19:400][  0]LogInit: Setting process to per monitor DPI aware
[2018.12.24-15.29.19:431][  0]LogSlate: New Slate User Created.  User Index 0, Is Virtual User: 0
[2018.12.24-15.29.19:431][  0]LogSlate: Slate User Registered.  User Index 0, Is Virtual User: 0
[2018.12.24-15.29.19:801][  0]LogHMD: Failed to initialize OpenVR with code 101
[2018.12.24-15.29.19:801][  0]LogD3D11RHI: D3D11 adapters:
[2018.12.24-15.29.19:876][  0]LogD3D11RHI:    0. 'NVIDIA GeForce GTX 1080' (Feature Level 11_0)
[2018.12.24-15.29.19:876][  0]LogD3D11RHI:       8079/0/16340 MB DedicatedVideo/DedicatedSystem/SharedSystem, Outputs:2, VendorId:0x10de
[2018.12.24-15.29.19:879][  0]LogD3D11RHI:    1. 'Microsoft Basic Render Driver' (Feature Level 11_0)
[2018.12.24-15.29.19:879][  0]LogD3D11RHI:       0/0/16340 MB DedicatedVideo/DedicatedSystem/SharedSystem, Outputs:0, VendorId:0x1414
[2018.12.24-15.29.19:879][  0]LogD3D11RHI: Chosen D3D11 Adapter: 0
[2018.12.24-15.29.19:887][  0]LogD3D11RHI: Creating new Direct3DDevice
[2018.12.24-15.29.19:887][  0]LogD3D11RHI:     GPU DeviceId: 0x1b80 (for the marketing name, search the web for "GPU Device Id")
[2018.12.24-15.29.19:887][  0]LogWindows: EnumDisplayDevices:
[2018.12.24-15.29.19:888][  0]LogWindows:    0. 'NVIDIA GeForce GTX 1080' (P:1 D:1)
[2018.12.24-15.29.19:888][  0]LogWindows:    1. 'NVIDIA GeForce GTX 1080' (P:0 D:1)
[2018.12.24-15.29.19:888][  0]LogWindows:    2. 'NVIDIA GeForce GTX 1080' (P:0 D:0)
[2018.12.24-15.29.19:889][  0]LogWindows:    3. 'NVIDIA GeForce GTX 1080' (P:0 D:0)
[2018.12.24-15.29.19:889][  0]LogWindows: DebugString: FoundDriverCount:4 
[2018.12.24-15.29.19:889][  0]LogD3D11RHI:     Adapter Name: NVIDIA GeForce GTX 1080
[2018.12.24-15.29.19:889][  0]LogD3D11RHI:   Driver Version: 417.35 (internal:25.21.14.1735, unified:417.35)
[2018.12.24-15.29.19:889][  0]LogD3D11RHI:      Driver Date: 12-11-2018
[2018.12.24-15.29.19:889][  0]LogRHI: Texture pool is 5655 MB (70% of 8079 MB)
[2018.12.24-15.29.19:934][  0]LogD3D11RHI: Async texture creation enabled
[2018.12.24-15.29.19:967][  0]LogD3D11RHI: GPU Timing Frequency: 1000.000000 (Debug: 2 2)
[2018.12.24-15.29.20:377][  0]LogTemp: Display: Loaded TP AllDesktopTargetPlatform
[2018.12.24-15.29.20:388][  0]LogTemp: Display: Loaded TP MacClientTargetPlatform
[2018.12.24-15.29.20:400][  0]LogTemp: Display: Loaded TP MacNoEditorTargetPlatform
[2018.12.24-15.29.20:413][  0]LogTemp: Display: Loaded TP MacServerTargetPlatform
[2018.12.24-15.29.20:427][  0]LogTemp: Display: Loaded TP MacTargetPlatform
[2018.12.24-15.29.20:440][  0]LogTemp: Display: Loaded TP WindowsClientTargetPlatform
[2018.12.24-15.29.20:453][  0]LogTemp: Display: Loaded TP WindowsNoEditorTargetPlatform
[2018.12.24-15.29.20:468][  0]LogTemp: Display: Loaded TP WindowsServerTargetPlatform
[2018.12.24-15.29.20:474][  0]LogTemp: Display: Loaded TP WindowsTargetPlatform
[2018.12.24-15.29.20:544][  0]LogTemp: Display: Loaded TP AndroidTargetPlatform
[2018.12.24-15.29.20:544][  0]LogTemp: Display: Loaded TP AndroidTargetPlatform
[2018.12.24-15.29.20:544][  0]LogTemp: Display: Loaded TP AndroidTargetPlatform
[2018.12.24-15.29.20:544][  0]LogTemp: Display: Loaded TP AndroidTargetPlatform
[2018.12.24-15.29.20:544][  0]LogTemp: Display: Loaded TP AndroidTargetPlatform
[2018.12.24-15.29.20:544][  0]LogTemp: Display: Loaded TP AndroidTargetPlatform
[2018.12.24-15.29.20:544][  0]LogTemp: Display: Loaded TP AndroidTargetPlatform
[2018.12.24-15.29.20:544][  0]LogTemp: Display: Loaded TP AndroidTargetPlatform
[2018.12.24-15.29.20:544][  0]LogTemp: Display: Loaded TP AndroidTargetPlatform
[2018.12.24-15.29.20:544][  0]LogTemp: Display: Loaded TP AndroidTargetPlatform
[2018.12.24-15.29.20:544][  0]LogTemp: Display: Loaded TP AndroidTargetPlatform
[2018.12.24-15.29.20:544][  0]LogTemp: Display: Loaded TP AndroidTargetPlatform
[2018.12.24-15.29.20:544][  0]LogTemp: Display: Loaded TP AndroidTargetPlatform
[2018.12.24-15.29.20:544][  0]LogTemp: Display: Loaded TP AndroidTargetPlatform
[2018.12.24-15.29.20:544][  0]LogTemp: Display: Loaded TP AndroidTargetPlatform
[2018.12.24-15.29.20:544][  0]LogTemp: Display: Loaded TP AndroidTargetPlatform
[2018.12.24-15.29.20:544][  0]LogTemp: Display: Loaded TP AndroidTargetPlatform
[2018.12.24-15.29.20:544][  0]LogTemp: Display: Loaded TP AndroidTargetPlatform
[2018.12.24-15.29.20:545][  0]LogTemp: Display: Loaded TP HTML5TargetPlatform
[2018.12.24-15.29.20:602][  0]LogTemp: Display: Loaded TP IOSTargetPlatform
[2018.12.24-15.29.20:602][  0]LogTemp: Display: Loaded TP IOSTargetPlatform
[2018.12.24-15.29.20:627][  0]LogTemp: Display: Loaded TP TVOSTargetPlatform
[2018.12.24-15.29.20:627][  0]LogTemp: Display: Loaded TP TVOSTargetPlatform
[2018.12.24-15.29.20:638][  0]LogTemp: Display: Loaded TP LinuxClientTargetPlatform
[2018.12.24-15.29.20:649][  0]LogTemp: Display: Loaded TP LinuxNoEditorTargetPlatform
[2018.12.24-15.29.20:663][  0]LogTemp: Display: Loaded TP LinuxServerTargetPlatform
[2018.12.24-15.29.20:682][  0]LogTemp: Display: Loaded TP LinuxTargetPlatform
[2018.12.24-15.29.20:731][  0]LogTemp: Display: Loaded TP LuminTargetPlatform
[2018.12.24-15.29.20:731][  0]LogTemp: Display: Loaded TP LuminTargetPlatform
[2018.12.24-15.29.20:731][  0]LogTargetPlatformManager: Display: Building Assets For Windows
[2018.12.24-15.29.20:780][  0]LogShaderCompilers: Guid format shader working directory is 29 characters bigger than the processId version (../../../../Plague/Intermediate/Shaders/WorkingDirectory/6752/).
[2018.12.24-15.29.20:780][  0]LogShaderCompilers: Cleaned the shader compiler working directory 'C:/Users/joshua/AppData/Local/Temp/UnrealShaderWorkingDir/800DF8F945328955ADE54893DDF50003/'.
[2018.12.24-15.29.20:782][  0]LogXGEController: Cleaning working directory: C:/Users/joshua/AppData/Local/Temp/UnrealXGEWorkingDir/
[2018.12.24-15.29.20:782][  0]LogXGEController: Cannot use XGE Controller as Incredibuild is not installed on this machine.
[2018.12.24-15.29.20:782][  0]LogShaderCompilers: Cannot use XGE Shader Compiler as Incredibuild is not installed on this machine.
[2018.12.24-15.29.20:782][  0]LogShaderCompilers: Display: Using Local Shader Compiler.
[2018.12.24-15.29.21:341][  0]LogDerivedDataCache: Display: Max Cache Size: 512 MB
[2018.12.24-15.29.21:403][  0]LogDerivedDataCache: Loaded boot cache 0.06s 84MB C:/Users/joshua/AppData/Local/UnrealEngine/4.21/DerivedDataCache/Boot.ddc.
[2018.12.24-15.29.21:403][  0]LogDerivedDataCache: Display: Loaded Boot cache: C:/Users/joshua/AppData/Local/UnrealEngine/4.21/DerivedDataCache/Boot.ddc
[2018.12.24-15.29.21:404][  0]LogDerivedDataCache: FDerivedDataBackendGraph:  Pak pak cache file ../../../../Plague/DerivedDataCache/DDC.ddp not found, will not use a pak cache.
[2018.12.24-15.29.21:404][  0]LogDerivedDataCache: Unable to find inner node Pak for hierarchical cache Hierarchy.
[2018.12.24-15.29.21:404][  0]LogDerivedDataCache: FDerivedDataBackendGraph:  CompressedPak pak cache file ../../../../Plague/DerivedDataCache/Compressed.ddp not found, will not use a pak cache.
[2018.12.24-15.29.21:404][  0]LogDerivedDataCache: Unable to find inner node CompressedPak for hierarchical cache Hierarchy.
[2018.12.24-15.29.21:427][  0]LogDerivedDataCache: Display: Pak cache opened for reading ../../../Engine/DerivedDataCache/Compressed.ddp.
[2018.12.24-15.29.21:427][  0]LogDerivedDataCache: FDerivedDataBackendGraph:  EnterprisePak pak cache file ../../../Enterprise/DerivedDataCache/Compressed.ddp not found, will not use a pak cache.
[2018.12.24-15.29.21:427][  0]LogDerivedDataCache: Unable to find inner node EnterprisePak for hierarchical cache Hierarchy.
[2018.12.24-15.29.21:439][  0]LogDerivedDataCache: Using Local data cache path C:/Users/joshua/AppData/Local/UnrealEngine/Common/DerivedDataCache: Writable
[2018.12.24-15.29.21:439][  0]LogDerivedDataCache: Shared data cache path not found in *engine.ini, will not use an Shared cache.
[2018.12.24-15.29.21:439][  0]LogDerivedDataCache: Unable to find inner node Shared for hierarchical cache Hierarchy.
[2018.12.24-15.29.21:462][  0]LogMaterial: Verifying Global Shaders for PCD3D_SM5
[2018.12.24-15.29.21:464][  0]LogSlate: Using FreeType 2.6.0
[2018.12.24-15.29.21:465][  0]LogSlate: SlateFontServices - WITH_FREETYPE: 1, WITH_HARFBUZZ: 1
[2018.12.24-15.29.21:582][  0]LogAssetRegistry: FAssetRegistry took 0.0391 seconds to start up
[2018.12.24-15.29.21:914][  0]LogInit: Selected Device Profile: [Windows]
[2018.12.24-15.29.22:053][  0]LogSimplygon: Simplygon DLL not present - disabling.
[2018.12.24-15.29.22:056][  0]LogMeshReduction: Using SimplygonSwarm for distributed automatic mesh merging
[2018.12.24-15.29.22:056][  0]LogMeshReduction: Using ProxyLODMeshReduction for automatic mesh merging
[2018.12.24-15.29.22:056][  0]LogMeshReduction: Using QuadricMeshReduction for automatic static mesh reduction
[2018.12.24-15.29.22:056][  0]LogMeshReduction: No automatic skeletal mesh reduction module available
[2018.12.24-15.29.22:067][  0]LogNetVersion: Plague 1.0.0, NetCL: 4541578, EngineNetVer: 5, GameNetVer: 0 (Checksum: 687593233)
[2018.12.24-15.29.22:558][  0]LogPackageLocalizationCache: Processed 11 localized package path(s) for 2 prioritized culture(s) in 0.084923 seconds
[2018.12.24-15.29.22:565][  0]LogUObjectArray: 39775 objects as part of root set at end of initial load.
[2018.12.24-15.29.22:565][  0]LogUObjectAllocator: 6914656 out of 0 bytes used by permanent object pool.
[2018.12.24-15.29.22:565][  0]LogUObjectArray: CloseDisregardForGC: 0/0 objects in disregard for GC pool
[2018.12.24-15.29.23:524][  0]LogTcpMessaging: Initializing TcpMessaging bridge
[2018.12.24-15.29.23:537][  0]LogUdpMessaging: Initializing bridge on interface 0.0.0.0:0 to multicast group 230.0.0.1:6666.
[2018.12.24-15.29.24:381][  0]SourceControl: Source control is disabled
[2018.12.24-15.29.24:381][  0]SourceControl: Source control is disabled
[2018.12.24-15.29.24:383][  0]SourceControl: Source control is disabled
[2018.12.24-15.29.24:383][  0]SourceControl: Source control is disabled
[2018.12.24-15.29.24:542][  0]LogAndroidPermission: UAndroidPermissionCallbackProxy::GetInstance
[2018.12.24-15.29.24:720][  0]LogOcInput: OculusInput pre-init called
[2018.12.24-15.29.24:851][  0]LogEngine: Initializing Engine...
[2018.12.24-15.29.24:852][  0]LogHMD: Failed to initialize OpenVR with code 101
[2018.12.24-15.29.24:853][  0]LogStats: UGameplayTagsManager::ConstructGameplayTagTree: ImportINI prefixes -  0.000 s
[2018.12.24-15.29.24:853][  0]LogStats: UGameplayTagsManager::ConstructGameplayTagTree: Construct from data asset -  0.000 s
[2018.12.24-15.29.24:854][  0]LogStats: UGameplayTagsManager::ConstructGameplayTagTree: ImportINI -  0.000 s
[2018.12.24-15.29.24:854][  0]LogStats: UGameplayTagsManager::ConstructGameplayTagTree: GameplayTagTreeChangedEvent.Broadcast -  0.000 s
[2018.12.24-15.29.25:070][  0]LogInit: Initializing FReadOnlyCVARCache
[2018.12.24-15.29.25:082][  0]LogAIModule: Creating AISystem for world Untitled
[2018.12.24-15.29.25:141][  0]LogInit: XAudio2 using 'Arctis 7 (4- Arctis 7 Game)' : 2 channels at 44.1 kHz using 16 bits per sample (channel mask 0x3)
[2018.12.24-15.29.25:169][  0]LogInit: FAudioDevice initialized.
[2018.12.24-15.29.25:170][  0]LogNetVersion: Set ProjectVersion to 1.0.0.0. Version Checksum will be recalculated on next use.
[2018.12.24-15.29.25:241][  0]LogDerivedDataCache: Saved boot cache 0.07s 71MB C:/Users/joshua/AppData/Local/UnrealEngine/4.21/DerivedDataCache/Boot.ddc.
[2018.12.24-15.29.25:258][  0]LogInit: Texture streaming: Enabled
[2018.12.24-15.29.25:274][  0]LogEngineSessionManager: EngineSessionManager initialized
[2018.12.24-15.29.25:287][  0]LogInit: Transaction tracking system initialized
[2018.12.24-15.29.25:305][  0]BlueprintLog: New page: Editor Load
[2018.12.24-15.29.25:366][  0]LocalizationService: Localization service is disabled
[2018.12.24-15.29.25:603][  0]LogLinker: Warning: Can't find file '/Game/SGT/01-Readme'
[2018.12.24-15.29.25:603][  0]LogLinker: Warning: Can't find file '/Game/SGT/01-Readme'
[2018.12.24-15.29.25:603][  0]LogUObjectGlobals: Warning: Failed to find object 'Class /Game/SGT/01-Readme.01-Readme_C'
[2018.12.24-15.29.25:805][  0]LogCook: Display: Max memory allowance for cook 16384mb min free memory 0mb
[2018.12.24-15.29.25:805][  0]LogCook: Display: Mobile HDR setting 1
[2018.12.24-15.29.25:805][  0]LogGameplayTags: Display: UGameplayTagsManager::DoneAddingNativeTags. DelegateIsBound: 0
[2018.12.24-15.29.25:805][  0]LogStats: UGameplayTagsManager::ConstructGameplayTagTree: ImportINI prefixes -  0.000 s
[2018.12.24-15.29.25:805][  0]LogStats: UGameplayTagsManager::ConstructGameplayTagTree: Construct from data asset -  0.000 s
[2018.12.24-15.29.25:805][  0]LogStats: UGameplayTagsManager::ConstructGameplayTagTree: ImportINI -  0.000 s
[2018.12.24-15.29.25:805][  0]LogStats: UGameplayTagsManager::ConstructGameplayTagTree: GameplayTagTreeChangedEvent.Broadcast -  0.000 s
[2018.12.24-15.29.25:925][  0]LogFileCache: Scanning file cache for directory 'F:/Epic Games/Plague/Content/' took 0.02s
[2018.12.24-15.29.25:925][  0]SourceControl: Source control is disabled
[2018.12.24-15.29.25:926][  0]Cmd: MAP LOAD FILE="../../../../Plague/Content/RTS/Maps/TopDownExampleMap.umap" TEMPLATE=0 SHOWPROGRESS=1 FEATURELEVEL=3
[2018.12.24-15.29.25:926][  0]LightingResults: New page: Lighting Build
[2018.12.24-15.29.25:929][  0]MapCheck: New page: Map Check
[2018.12.24-15.29.25:929][  0]LightingResults: New page: Lighting Build
[2018.12.24-15.29.26:611][  0]LogAIModule: Creating AISystem for world TopDownExampleMap
[2018.12.24-15.29.26:644][  0]LogEditorServer: Finished looking for orphan Actors (0.000 secs)
[2018.12.24-15.29.26:673][  0]Cmd: MAP CHECKDEP NOCLEARLOG
[2018.12.24-15.29.26:673][  0]MapCheck: Map check complete: 0 Error(s), 0 Warning(s), took 0.084ms to complete.
[2018.12.24-15.29.26:673][  0]LogFileHelpers: Loading map 'TopDownExampleMap' took 0.747
[2018.12.24-15.29.26:777][  0]LogSlate: Updating window title bar state: overlay mode, drag disabled, window buttons hidden, title bar hidden
[2018.12.24-15.29.26:784][  0]LogSlate: Updating window title bar state: overlay mode, drag disabled, window buttons hidden, title bar hidden
[2018.12.24-15.29.26:791][  0]LogSlate: Updating window title bar state: overlay mode, drag disabled, window buttons hidden, title bar hidden
[2018.12.24-15.29.26:798][  0]LogSlate: Updating window title bar state: overlay mode, drag disabled, window buttons hidden, title bar hidden
[2018.12.24-15.29.26:948][  0]LogSlate: Took 0.000397 seconds to synchronously load lazily loaded font '../../../Engine/Content/Slate/Fonts/Roboto-Regular.ttf' (155K)
[2018.12.24-15.29.26:950][  0]LogSlate: Took 0.000278 seconds to synchronously load lazily loaded font '../../../Engine/Content/Slate/Fonts/Roboto-Bold.ttf' (160K)
[2018.12.24-15.29.27:049][  0]LogRenderer: Reallocating scene render targets to support 1616x1248 Format 10 NumSamples 1 (Frame:1).
[2018.12.24-15.29.27:170][  0]LogLoad: (Engine Initialization) Total time: 10.78 seconds
[2018.12.24-15.29.27:170][  0]LogLoad: (Engine Initialization) Total Blueprint compile time: 0.00 seconds
[2018.12.24-15.29.27:250][  0]LogContentStreaming: Texture pool size now 1000 MB
[2018.12.24-15.29.27:294][  1]LogRenderer: Reallocating scene render targets to support 1616x1264 Format 10 NumSamples 1 (Frame:2).
[2018.12.24-15.29.27:453][  3]LogAssetRegistry: Asset discovery search completed in 5.8940 seconds
[2018.12.24-15.29.27:461][  3]LogCollectionManager: Loaded 0 collections in 0.001912 seconds
[2018.12.24-15.29.27:497][  3]LogFileCache: Scanning file cache for directory 'F:/Epic Games/Plague/Saved/Collections/' took 0.01s
[2018.12.24-15.29.27:497][  3]LogFileCache: Scanning file cache for directory 'F:/Epic Games/Plague/Content/Developers/joshua/Collections/' took 0.01s
[2018.12.24-15.29.27:497][  3]LogFileCache: Scanning file cache for directory 'F:/Epic Games/Plague/Content/Collections/' took 0.01s
[2018.12.24-15.29.27:497][  3]LogCollectionManager: Rebuilt the object cache for 0 collections in 0.000000 seconds (found 0 objects)
[2018.12.24-15.29.27:497][  3]LogCollectionManager: Fixed up redirectors for 0 collections in 0.000172 seconds (updated 0 objects)
[2018.12.24-15.29.28:753][  7]LogSlate: Took 0.000279 seconds to synchronously load lazily loaded font '../../../Engine/Content/Slate/Fonts/Roboto-Light.ttf' (167K)
[2018.12.24-15.29.36:148][267]LogSlate: FSceneViewport::OnFocusLost() reason 0
[2018.12.24-15.29.36:219][274]Cmd: OBJ SAVEPACKAGE PACKAGE="/Game/RTS/Maps/TopDownExampleMap" FILE="../../../../Plague/Content/RTS/Maps/TopDownExampleMap.umap" SILENT=true AUTOSAVING=false KEEPDIRTY=false
[2018.12.24-15.29.36:480][274]LogSavePackage: Moving '../../../../Plague/Saved/TopDownExampleMapD5F04CFA428275ECCDC8119CB65DE525.tmp' to '../../../../Plague/Content/RTS/Maps/TopDownExampleMap.umap'
[2018.12.24-15.29.36:506][274]Cmd: OBJ SAVEPACKAGE PACKAGE="/Game/RTS/Maps/TopDownExampleMap_BuiltData" FILE="../../../../Plague/Content/RTS/Maps/TopDownExampleMap_BuiltData.uasset" SILENT=true
[2018.12.24-15.29.36:689][274]LogSavePackage: Moving '../../../../Plague/Saved/TopDownExampleMap_BuiltDataE8778468475485A824AD6CAD461AB378.tmp' to '../../../../Plague/Content/RTS/Maps/TopDownExampleMap_BuiltData.uasset'
[2018.12.24-15.29.42:796][994]LogEditorViewport: Clicking on Actor (context menu): Landscape (Landscape)
[2018.12.24-15.29.42:867][994]LogSlate: FSceneViewport::OnFocusLost() reason 2
[2018.12.24-15.29.44:926][212]LogSlate: FSceneViewport::OnFocusLost() reason 0
[2018.12.24-15.29.45:101][233]MapCheck: New page: Map Check
[2018.12.24-15.29.45:112][233]Cmd: MAP REBUILD ALLVISIBLE
[2018.12.24-15.29.45:112][233]LogEditorServer: Rebuildmap Clear paths rebuilt
[2018.12.24-15.29.45:298][233]LogMaterial: Display: Missing cached shader map for material FDebugViewModeMaterialProxy MaterialInstanceDynamic_0, compiling. 
[2018.12.24-15.29.45:307][233]LogMaterial: Display: Missing cached shader map for material FDebugViewModeMaterialProxy LandscapeGizmo_Mat, compiling. 
[2018.12.24-15.29.45:648][233]LogShaderCompilers: Display: Shaders left to compile 2
[2018.12.24-15.29.45:648][233]LogShaderCompilers: Display: Shaders left to compile 1
[2018.12.24-15.29.45:648][233]TextureStreamingBuild: Display: Compiling optional shaders took 0.355 seconds.
[2018.12.24-15.29.45:656][233]LogLevel: Display: Export Material TexCoord Scales took 0.008 seconds.
[2018.12.24-15.29.45:667][233]TextureStreamingBuild: Display: Build Texture Streaming took 0.010 seconds.
[2018.12.24-15.29.45:689][233]LightingResults: New page: Lighting Build - Dec 23, 2018, 11:29:45 PM
[2018.12.24-15.29.45:814][233]LogSwarmInterface: [OpenConnection] Registering TCP channel ...
[2018.12.24-15.29.46:074][233]LogSwarmInterface: [OpenConnection] Connecting to agent ...
[2018.12.24-15.29.46:087][233]LogSwarmInterface: [TryOpenConnection] Testing the Agent
[2018.12.24-15.29.46:605][233]LogSwarmInterface: [TryOpenConnection] Opening Connection to Agent
[2018.12.24-15.29.46:606][233]LogSwarmInterface: [TryOpenConnection] Local Process ID is 6752
[2018.12.24-15.29.49:625][233]LogStaticLightingSystem: Running Lightmass w/ ImmediateImport mode ENABLED
[2018.12.24-15.29.49:625][233]LogStaticLightingSystem: Running Lightmass w/ ImmediateProcess mode ENABLED
[2018.12.24-15.29.49:625][233]LogStaticLightingSystem: Running Lightmass w/ Sorting mode ENABLED
[2018.12.24-15.29.49:625][233]LogStaticLightingSystem: Running Lightmass w/ Mapping paddings ENABLED
[2018.12.24-15.29.49:625][233]LogStaticLightingSystem: Running Lightmass w/ Mapping debug paddings DISABLED
[2018.12.24-15.29.49:774][233]Cmd: MAP CHECK DONTDISPLAYDIALOG
[2018.12.24-15.29.49:775][233]MapCheck: New page: TopDownExampleMap - Dec 23, 2018, 11:29:49 PM
[2018.12.24-15.29.49:775][233]MapCheck: Error: WorldInfo_0 Maps need lighting rebuilt 
[2018.12.24-15.29.49:775][233]MapCheck: Map check complete: 1 Error(s), 0 Warning(s), took 0.564ms to complete.
[2018.12.24-15.29.49:798][233]LogEditorBuildUtils: Build time 0:04
[2018.12.24-15.29.54:008][473]LogSlate: Window 'Message Log' being destroyed
[2018.12.24-15.29.54:016][473]LogSlate: Window 'Message Log' being destroyed
[2018.12.24-15.29.56:558][698]Job is a success!
[2018.12.24-15.29.56:577][700]LogSlate: FSceneViewport::OnFocusLost() reason 2
[2018.12.24-15.29.56:664][700]LogVolumetricLightmapImport: Imported Volumetric Lightmap in 0.016s
[2018.12.24-15.29.56:664][700]LogVolumetricLightmapImport:      Indirection Texture 16x16x16 = 0.0Mb
[2018.12.24-15.29.56:664][700]LogVolumetricLightmapImport:      BrickData 525x5x5 = 0.5Mb
[2018.12.24-15.29.56:664][700]LogVolumetricLightmapImport:      Bricks at Level
[2018.12.24-15.29.56:664][700]LogVolumetricLightmapImport:          0: 1.0% covering 100.0% of volume
[2018.12.24-15.29.56:664][700]LogVolumetricLightmapImport:          1: 8.6% covering 14.1% of volume
[2018.12.24-15.29.56:664][700]LogVolumetricLightmapImport:          2: 90.5% covering 2.3% of volume
[2018.12.24-15.29.56:968][700]LogTexture: Display: Building textures: SkyOcclusion0_1 (AutoDXT, 256X128)
[2018.12.24-15.29.56:968][700]LogTexture: Display: Building textures: HQ_Lightmap0_1 (AutoDXT, 256X256)
[2018.12.24-15.29.56:968][700]LogTexture: Display: Building textures: LQ_Lightmap_0_1 (DXT1, 256X256)
[2018.12.24-15.29.56:968][700]LogTexture: Display: Building textures: SkyOcclusion0_2 (AutoDXT, 256X128)
[2018.12.24-15.29.56:968][700]LogTexture: Display: Building textures: HQ_Lightmap0_2 (AutoDXT, 256X256)
[2018.12.24-15.29.56:968][700]LogTexture: Display: Building textures: LQ_Lightmap_0_2 (DXT1, 256X256)
[2018.12.24-15.29.56:968][700]LogTexture: Display: Building textures: SkyOcclusion0_3 (AutoDXT, 256X128)
[2018.12.24-15.29.56:968][700]LogTexture: Display: Building textures: LQ_Lightmap_0_3 (DXT1, 256X256)
[2018.12.24-15.29.56:968][700]LogTexture: Display: Building textures: HQ_Lightmap0_3 (AutoDXT, 256X256)
[2018.12.24-15.29.56:968][700]LogTexture: Display: Building textures: HQ_Lightmap1_4 (AutoDXT, 256X256)
[2018.12.24-15.29.56:968][700]LogTexture: Display: Building textures: SkyOcclusion1_4 (AutoDXT, 256X128)
[2018.12.24-15.29.56:968][700]LogTexture: Display: Building textures: LQ_Lightmap_1_4 (DXT1, 256X256)
[2018.12.24-15.29.56:968][700]LogTexture: Display: Building textures: SkyOcclusion1_5 (AutoDXT, 256X128)
[2018.12.24-15.29.56:968][700]LogTexture: Display: Building textures: HQ_Lightmap1_5 (AutoDXT, 256X256)
[2018.12.24-15.29.56:968][700]LogTexture: Display: Building textures: SkyOcclusion1_6 (AutoDXT, 256X128)
[2018.12.24-15.29.56:968][700]LogTexture: Display: Building textures: LQ_Lightmap_1_5 (DXT1, 256X256)
[2018.12.24-15.29.56:968][700]LogTexture: Display: Building textures: HQ_Lightmap1_6 (AutoDXT, 256X256)
[2018.12.24-15.29.56:968][700]LogTexture: Display: Building textures: LQ_Lightmap_1_6 (DXT1, 256X256)
[2018.12.24-15.29.56:968][700]LogTexture: Display: Building textures: SkyOcclusion1_7 (AutoDXT, 256X128)
[2018.12.24-15.29.56:968][700]LogTexture: Display: Building textures: LQ_Lightmap_1_7 (DXT1, 256X256)
[2018.12.24-15.29.56:968][700]LogTexture: Display: Building textures: HQ_Lightmap1_7 (AutoDXT, 256X256)
[2018.12.24-15.29.56:968][700]LogTexture: Display: Building textures: SkyOcclusion1_8 (AutoDXT, 256X128)
[2018.12.24-15.29.56:968][700]LogTexture: Display: Building textures: HQ_Lightmap1_8 (AutoDXT, 256X256)
[2018.12.24-15.29.56:968][700]LogTexture: Display: Building textures: LQ_Lightmap_1_8 (DXT1, 256X256)
[2018.12.24-15.29.56:968][700]LogTexture: Display: Building textures: SkyOcclusion1_9 (AutoDXT, 256X128)
[2018.12.24-15.29.56:968][700]LogTexture: Display: Building textures: HQ_Lightmap1_9 (AutoDXT, 256X256)
[2018.12.24-15.29.56:968][700]LogTexture: Display: Building textures: LQ_Lightmap_1_9 (DXT1, 256X256)
[2018.12.24-15.29.56:968][700]LogTexture: Display: Building textures: SkyOcclusion1_10 (AutoDXT, 256X128)
[2018.12.24-15.29.56:968][700]LogTexture: Display: Building textures: HQ_Lightmap1_10 (AutoDXT, 256X256)
[2018.12.24-15.29.56:968][700]LogTexture: Display: Building textures: LQ_Lightmap_1_10 (DXT1, 256X256)
[2018.12.24-15.29.56:968][700]LogTexture: Display: Building textures: SkyOcclusion1_11 (AutoDXT, 256X128)
[2018.12.24-15.29.56:968][700]LogTexture: Display: Building textures: HQ_Lightmap1_11 (AutoDXT, 256X256)
[2018.12.24-15.29.56:968][700]LogTexture: Display: Building textures: LQ_Lightmap_1_11 (DXT1, 256X256)
[2018.12.24-15.29.56:968][700]LogTexture: Display: Building textures: SkyOcclusion1_12 (AutoDXT, 256X128)
[2018.12.24-15.29.56:968][700]LogTexture: Display: Building textures: HQ_Lightmap1_12 (AutoDXT, 256X256)
[2018.12.24-15.29.56:968][700]LogTexture: Display: Building textures: LQ_Lightmap_1_12 (DXT1, 256X256)
[2018.12.24-15.29.56:968][700]LogTexture: Display: Building textures: SkyOcclusion1_13 (AutoDXT, 256X128)
[2018.12.24-15.29.56:968][700]LogTexture: Display: Building textures: HQ_Lightmap1_13 (AutoDXT, 256X256)
[2018.12.24-15.29.56:968][700]LogTexture: Display: Building textures: LQ_Lightmap_1_13 (DXT1, 256X256)
[2018.12.24-15.29.56:968][700]LogTexture: Display: Building textures: SkyOcclusion1_14 (AutoDXT, 256X128)
[2018.12.24-15.29.56:969][700]LogTexture: Display: Building textures: HQ_Lightmap1_14 (AutoDXT, 256X256)
[2018.12.24-15.29.56:969][700]LogTexture: Display: Building textures: LQ_Lightmap_1_14 (DXT1, 256X256)
[2018.12.24-15.29.56:969][700]LogTexture: Display: Building textures: SkyOcclusion1_15 (AutoDXT, 256X128)
[2018.12.24-15.29.56:969][700]LogTexture: Display: Building textures: HQ_Lightmap1_15 (AutoDXT, 256X256)
[2018.12.24-15.29.56:969][700]LogTexture: Display: Building textures: LQ_Lightmap_1_15 (DXT1, 256X256)
[2018.12.24-15.29.56:969][700]LogTexture: Display: Building textures: SkyOcclusion1_16 (AutoDXT, 256X128)
[2018.12.24-15.29.56:969][700]LogTexture: Display: Building textures: HQ_Lightmap1_16 (AutoDXT, 256X256)
[2018.12.24-15.29.56:969][700]LogTexture: Display: Building textures: LQ_Lightmap_1_16 (DXT1, 256X256)
[2018.12.24-15.29.56:969][700]LogTexture: Display: Building textures: SkyOcclusion1_17 (AutoDXT, 256X128)
[2018.12.24-15.29.56:969][700]LogTexture: Display: Building textures: HQ_Lightmap1_17 (AutoDXT, 256X256)
[2018.12.24-15.29.56:969][700]LogTexture: Display: Building textures: LQ_Lightmap_1_17 (DXT1, 256X256)
[2018.12.24-15.29.56:969][700]LogTexture: Display: Building textures: SkyOcclusion1_18 (AutoDXT, 256X128)
[2018.12.24-15.29.56:969][700]LogTexture: Display: Building textures: HQ_Lightmap1_18 (AutoDXT, 256X256)
[2018.12.24-15.29.56:969][700]LogTexture: Display: Building textures: SkyOcclusion1_19 (AutoDXT, 128X64)
[2018.12.24-15.29.56:969][700]LogTexture: Display: Building textures: HQ_Lightmap1_19 (AutoDXT, 128X128)
[2018.12.24-15.29.56:969][700]LogTexture: Display: Building textures: LQ_Lightmap_1_19 (DXT1, 128X128)
[2018.12.24-15.29.56:969][700]LogTexture: Display: Building textures: SkyOcclusion1_20 (AutoDXT, 128X64)
[2018.12.24-15.29.56:969][700]LogTexture: Display: Building textures: HQ_Lightmap1_20 (AutoDXT, 128X128)
[2018.12.24-15.29.56:969][700]LogTexture: Display: Building textures: LQ_Lightmap_1_20 (DXT1, 128X128)
[2018.12.24-15.29.56:969][700]LogTexture: Display: Building textures: LQ_Lightmap_1_18 (DXT1, 256X256)
[2018.12.24-15.29.56:969][700]LogTexture: Display: Building textures: SkyOcclusion1_21 (AutoDXT, 128X64)
[2018.12.24-15.29.56:969][700]LogTexture: Display: Building textures: HQ_Lightmap1_21 (AutoDXT, 128X128)
[2018.12.24-15.29.56:969][700]LogTexture: Display: Building textures: LQ_Lightmap_1_21 (DXT1, 128X128)
[2018.12.24-15.29.56:969][700]LogTexture: Display: Building textures: SkyOcclusion1_22 (AutoDXT, 128X64)
[2018.12.24-15.29.56:969][700]LogTexture: Display: Building textures: HQ_Lightmap1_22 (AutoDXT, 128X128)
[2018.12.24-15.29.56:969][700]LogTexture: Display: Building textures: LQ_Lightmap_1_22 (DXT1, 128X128)
[2018.12.24-15.29.56:969][700]LogTexture: Display: Building textures: SkyOcclusion1_23 (AutoDXT, 64X32)
[2018.12.24-15.29.56:969][700]LogTexture: Display: Building textures: HQ_Lightmap1_23 (AutoDXT, 64X64)
[2018.12.24-15.29.56:969][700]LogTexture: Display: Building textures: LQ_Lightmap_1_23 (DXT1, 64X64)
[2018.12.24-15.29.57:092][700]LogTexture: Display: Building textures: ShadowMapTexture2D_1 (G8, 256X64)
[2018.12.24-15.29.57:092][700]LogTexture: Display: Building textures: ShadowMapTexture2D_0 (G8, 256X64)
[2018.12.24-15.29.57:092][700]LogTexture: Display: Building textures: ShadowMapTexture2D_25 (G8, 256X64)
[2018.12.24-15.29.57:092][700]LogTexture: Display: Building textures: ShadowMapTexture2D_28 (G8, 256X64)
[2018.12.24-15.29.57:092][700]LogTexture: Display: Building textures: ShadowMapTexture2D_26 (G8, 256X64)
[2018.12.24-15.29.57:092][700]LogTexture: Display: Building textures: ShadowMapTexture2D_30 (G8, 256X64)
[2018.12.24-15.29.57:092][700]LogTexture: Display: Building textures: ShadowMapTexture2D_27 (G8, 256X64)
[2018.12.24-15.29.57:092][700]LogTexture: Display: Building textures: ShadowMapTexture2D_31 (G8, 256X64)
[2018.12.24-15.29.57:092][700]LogTexture: Display: Building textures: ShadowMapTexture2D_29 (G8, 256X64)
[2018.12.24-15.29.57:092][700]LogTexture: Display: Building textures: ShadowMapTexture2D_33 (G8, 256X64)
[2018.12.24-15.29.57:092][700]LogTexture: Display: Building textures: ShadowMapTexture2D_32 (G8, 256X64)
[2018.12.24-15.29.57:092][700]LogTexture: Display: Building textures: ShadowMapTexture2D_41 (G8, 64X64)
[2018.12.24-15.29.57:092][700]LogTexture: Display: Building textures: ShadowMapTexture2D_42 (G8, 128X64)
[2018.12.24-15.29.57:092][700]LogTexture: Display: Building textures: ShadowMapTexture2D_34 (G8, 256X64)
[2018.12.24-15.29.57:092][700]LogTexture: Display: Building textures: ShadowMapTexture2D_45 (G8, 32X32)
[2018.12.24-15.29.57:092][700]LogTexture: Display: Building textures: ShadowMapTexture2D_37 (G8, 256X64)
[2018.12.24-15.29.57:092][700]LogTexture: Display: Building textures: ShadowMapTexture2D_39 (G8, 256X64)
[2018.12.24-15.29.57:092][700]LogTexture: Display: Building textures: ShadowMapTexture2D_38 (G8, 256X64)
[2018.12.24-15.29.57:092][700]LogTexture: Display: Building textures: ShadowMapTexture2D_43 (G8, 128X64)
[2018.12.24-15.29.57:092][700]LogTexture: Display: Building textures: ShadowMapTexture2D_40 (G8, 256X64)
[2018.12.24-15.29.57:092][700]LogTexture: Display: Building textures: ShadowMapTexture2D_36 (G8, 256X64)
[2018.12.24-15.29.57:092][700]LogTexture: Display: Building textures: ShadowMapTexture2D_44 (G8, 128X64)
[2018.12.24-15.29.57:092][700]LogTexture: Display: Building textures: ShadowMapTexture2D_35 (G8, 256X64)
[2018.12.24-15.29.57:141][700]Lightmass on JOSH: 6.21 sec total, 484 ms importing, 261 ms setup, 1.78 sec photons, 3.63 sec processing, 0 ms extra exporting [65/65 mappings]. Threads: 39.5 sec total, 24.2 sec processing.
[2018.12.24-15.29.57:176][700]LogStaticLightingSystem: Illumination: 11.4 sec (267 ms encoding lightmaps, 115 ms encoding shadowmaps)
[2018.12.24-15.29.57:176][700]LogStaticLightingSystem: Lightmap texture memory:  3.2 MB (3.2 MB streaming, 0.0 MB non-streaming), 46 textures
[2018.12.24-15.29.57:176][700]LogStaticLightingSystem: Shadowmap texture memory: 0.4 MB (0.4 MB streaming, 0.0 MB non-streaming), 23 textures
[2018.12.24-15.29.57:634][700]DumpUnbuiltLightIteractions
[2018.12.24-15.29.57:634][700]Lights with unbuilt interactions: 0
[2018.12.24-15.29.57:634][700]
[2018.12.24-15.29.57:634][700]Primitives with unbuilt interactions: 0
[2018.12.24-15.29.57:637][700]LogSlate: FSceneViewport::OnFocusLost() reason 2
[2018.12.24-15.29.57:664][701]Cmd: MAP CHECK NOTIFYRESULTS
[2018.12.24-15.29.57:664][701]MapCheck: New page: TopDownExampleMap - Dec 23, 2018, 11:29:57 PM
[2018.12.24-15.29.57:664][701]MapCheck: Map check complete: 0 Error(s), 0 Warning(s), took 0.388ms to complete.
[2018.12.24-15.30.00:675][ 12]LogSlate: FSceneViewport::OnFocusLost() reason 0
[2018.12.24-15.30.00:768][ 23]LogTemp: Repeating last play command: Selected Viewport
[2018.12.24-15.30.00:780][ 23]LogBlueprintUserMessages: Early PlayInEditor Detection: Level '/Game/RTS/Maps/TopDownExampleMap.TopDownExampleMap:PersistentLevel' has LevelScriptBlueprint '/Game/RTS/Maps/TopDownExampleMap.TopDownExampleMap:PersistentLevel.TopDownExampleMap' with GeneratedClass '/Game/RTS/Maps/TopDownExampleMap.TopDownExampleMap_C' with ClassGeneratedBy '/Game/RTS/Maps/TopDownExampleMap.TopDownExampleMap:PersistentLevel.TopDownExampleMap'
[2018.12.24-15.30.00:780][ 23]LogPlayLevel: PlayLevel: No blueprints needed recompiling
[2018.12.24-15.30.00:780][ 23]PIE: New page: PIE session: TopDownExampleMap (Dec 23, 2018, 11:30:00 PM)
[2018.12.24-15.30.00:792][ 23]LogPlayLevel: Creating play world package: /Game/RTS/Maps/UEDPIE_0_TopDownExampleMap
[2018.12.24-15.30.00:812][ 23]LogPlayLevel: PIE: StaticDuplicateObject took: (0.020177s)
[2018.12.24-15.30.00:812][ 23]LogAIModule: Creating AISystem for world TopDownExampleMap
[2018.12.24-15.30.00:813][ 23]LogPlayLevel: PIE: World Init took: (0.000506s)
[2018.12.24-15.30.00:813][ 23]LogPlayLevel: PIE: Created PIE world by copying editor world from /Game/RTS/Maps/TopDownExampleMap.TopDownExampleMap to /Game/RTS/Maps/UEDPIE_0_TopDownExampleMap.TopDownExampleMap (0.020907s)
[2018.12.24-15.30.00:875][ 23]LogInit: XAudio2 using 'Arctis 7 (4- Arctis 7 Game)' : 2 channels at 44.1 kHz using 16 bits per sample (channel mask 0x3)
[2018.12.24-15.30.00:890][ 23]LogInit: FAudioDevice initialized.
[2018.12.24-15.30.00:929][ 23]LogLoad: Game class is 'MyGameMode_C'
[2018.12.24-15.30.00:931][ 23]LogWorld: Bringing World /Game/RTS/Maps/UEDPIE_0_TopDownExampleMap.TopDownExampleMap up for play (max tick rate 0) at 2018.12.24-07.30.00
[2018.12.24-15.30.00:932][ 23]LogWorld: Bringing up level for play took: 0.001941
[2018.12.24-15.30.00:950][ 23]PIE: Play in editor start time for /Game/RTS/Maps/UEDPIE_0_TopDownExampleMap 0.584
[2018.12.24-15.30.00:950][ 23]LogBlueprintUserMessages: Late PlayInEditor Detection: Level '/Game/RTS/Maps/TopDownExampleMap.TopDownExampleMap:PersistentLevel' has LevelScriptBlueprint '/Game/RTS/Maps/TopDownExampleMap.TopDownExampleMap:PersistentLevel.TopDownExampleMap' with GeneratedClass '/Game/RTS/Maps/TopDownExampleMap.TopDownExampleMap_C' with ClassGeneratedBy '/Game/RTS/Maps/TopDownExampleMap.TopDownExampleMap:PersistentLevel.TopDownExampleMap'
[2018.12.24-15.30.02:388][193]LogBlueprintUserMessages: Early EndPlayMap Detection: Level '/Game/RTS/Maps/TopDownExampleMap.TopDownExampleMap:PersistentLevel' has LevelScriptBlueprint '/Game/RTS/Maps/TopDownExampleMap.TopDownExampleMap:PersistentLevel.TopDownExampleMap' with GeneratedClass '/Game/RTS/Maps/TopDownExampleMap.TopDownExampleMap_C' with ClassGeneratedBy '/Game/RTS/Maps/TopDownExampleMap.TopDownExampleMap:PersistentLevel.TopDownExampleMap'
[2018.12.24-15.30.02:388][193]LogSlate: Updating window title bar state: overlay mode, drag disabled, window buttons hidden, title bar hidden
[2018.12.24-15.30.02:419][193]LogPlayLevel: Display: Shutting down PIE online subsystems
[2018.12.24-15.30.02:419][193]LogBlueprintUserMessages: Late EndPlayMap Detection: Level '/Game/RTS/Maps/TopDownExampleMap.TopDownExampleMap:PersistentLevel' has LevelScriptBlueprint '/Game/RTS/Maps/TopDownExampleMap.TopDownExampleMap:PersistentLevel.TopDownExampleMap' with GeneratedClass '/Game/RTS/Maps/TopDownExampleMap.TopDownExampleMap_C' with ClassGeneratedBy '/Game/RTS/Maps/TopDownExampleMap.TopDownExampleMap:PersistentLevel.TopDownExampleMap'
[2018.12.24-15.30.02:444][193]LogSlate: Updating window title bar state: overlay mode, drag disabled, window buttons hidden, title bar hidden
[2018.12.24-15.30.02:494][196]LogPlayLevel: Display: Destroying online subsystem :Context_1
[2018.12.24-15.30.04:437][424]Cmd: OBJ SAVEPACKAGE PACKAGE="/Game/RTS/Maps/TopDownExampleMap" FILE="../../../../Plague/Content/RTS/Maps/TopDownExampleMap.umap" SILENT=true AUTOSAVING=false KEEPDIRTY=false
[2018.12.24-15.30.04:688][424]LogSavePackage: Moving '../../../../Plague/Saved/TopDownExampleMap5C299FE54E40E70FECE49EA649363CA3.tmp' to '../../../../Plague/Content/RTS/Maps/TopDownExampleMap.umap'
[2018.12.24-15.30.04:713][424]LogFileHelpers: Saving map 'TopDownExampleMap' took 0.276
[2018.12.24-15.30.04:715][424]Cmd: OBJ SAVEPACKAGE PACKAGE="/Game/RTS/Maps/TopDownExampleMap_BuiltData" FILE="../../../../Plague/Content/RTS/Maps/TopDownExampleMap_BuiltData.uasset" SILENT=true
[2018.12.24-15.30.04:879][424]LogSavePackage: Moving '../../../../Plague/Saved/TopDownExampleMap_BuiltData7DB944824C6EC9D411EA02911A884EC0.tmp' to '../../../../Plague/Content/RTS/Maps/TopDownExampleMap_BuiltData.uasset'
[2018.12.24-15.30.04:884][424]Cmd: OBJ SAVEPACKAGE PACKAGE="/Game/RTS/Maps/TopDownExampleMap_BuiltData" FILE="../../../../Plague/Content/RTS/Maps/TopDownExampleMap_BuiltData.uasset" SILENT=true
[2018.12.24-15.30.05:033][424]LogSavePackage: Moving '../../../../Plague/Saved/TopDownExampleMap_BuiltData70BE07F040EEC4E641A93980B3479969.tmp' to '../../../../Plague/Content/RTS/Maps/TopDownExampleMap_BuiltData.uasset'
[2018.12.24-15.30.06:032][541]LogTemp: Repeating last play command: Selected Viewport
[2018.12.24-15.30.06:060][541]LogBlueprintUserMessages: Early PlayInEditor Detection: Level '/Game/RTS/Maps/TopDownExampleMap.TopDownExampleMap:PersistentLevel' has LevelScriptBlueprint '/Game/RTS/Maps/TopDownExampleMap.TopDownExampleMap:PersistentLevel.TopDownExampleMap' with GeneratedClass '/Game/RTS/Maps/TopDownExampleMap.TopDownExampleMap_C' with ClassGeneratedBy '/Game/RTS/Maps/TopDownExampleMap.TopDownExampleMap:PersistentLevel.TopDownExampleMap'
[2018.12.24-15.30.06:060][541]LogPlayLevel: PlayLevel: No blueprints needed recompiling
[2018.12.24-15.30.06:060][541]PIE: New page: PIE session: TopDownExampleMap (Dec 23, 2018, 11:30:06 PM)
[2018.12.24-15.30.06:061][541]LogPlayLevel: Creating play world package: /Game/RTS/Maps/UEDPIE_0_TopDownExampleMap
[2018.12.24-15.30.06:084][541]LogPlayLevel: PIE: StaticDuplicateObject took: (0.023149s)
[2018.12.24-15.30.06:084][541]LogAIModule: Creating AISystem for world TopDownExampleMap
[2018.12.24-15.30.06:084][541]LogPlayLevel: PIE: World Init took: (0.000475s)
[2018.12.24-15.30.06:084][541]LogPlayLevel: PIE: Created PIE world by copying editor world from /Game/RTS/Maps/TopDownExampleMap.TopDownExampleMap to /Game/RTS/Maps/UEDPIE_0_TopDownExampleMap.TopDownExampleMap (0.023743s)
[2018.12.24-15.30.06:142][541]LogInit: XAudio2 using 'Arctis 7 (4- Arctis 7 Game)' : 2 channels at 44.1 kHz using 16 bits per sample (channel mask 0x3)
[2018.12.24-15.30.06:158][541]LogInit: FAudioDevice initialized.
[2018.12.24-15.30.06:185][541]LogLoad: Game class is 'MyGameMode_C'
[2018.12.24-15.30.06:188][541]LogWorld: Bringing World /Game/RTS/Maps/UEDPIE_0_TopDownExampleMap.TopDownExampleMap up for play (max tick rate 0) at 2018.12.24-07.30.06
[2018.12.24-15.30.06:188][541]LogWorld: Bringing up level for play took: 0.001854
[2018.12.24-15.30.06:202][541]PIE: Play in editor start time for /Game/RTS/Maps/UEDPIE_0_TopDownExampleMap -0.163
[2018.12.24-15.30.06:202][541]LogBlueprintUserMessages: Late PlayInEditor Detection: Level '/Game/RTS/Maps/TopDownExampleMap.TopDownExampleMap:PersistentLevel' has LevelScriptBlueprint '/Game/RTS/Maps/TopDownExampleMap.TopDownExampleMap:PersistentLevel.TopDownExampleMap' with GeneratedClass '/Game/RTS/Maps/TopDownExampleMap.TopDownExampleMap_C' with ClassGeneratedBy '/Game/RTS/Maps/TopDownExampleMap.TopDownExampleMap:PersistentLevel.TopDownExampleMap'
[2018.12.24-15.30.08:636][831]LogSlate: FSceneViewport::OnFocusLost() reason 0
[2018.12.24-15.30.10:818][843]LogScript: Warning: Runaway loop detected (over 1,000,000 iterations) - see log for stack trace
	GhostBuilding_BP_C /Game/RTS/Maps/UEDPIE_0_TopDownExampleMap.TopDownExampleMap:PersistentLevel.GhostBuilding_BP_C_0
	Function /Game/RTS/Blueprints/Buildings/GhostBuilding_BP.GhostBuilding_BP_C:ExecuteUbergraph_GhostBuilding_BP:06D5
[2018.12.24-15.30.10:818][843]PIE: Error: Infinite loop detected. Blueprint:  GhostBuilding_BP Function:  Branch Call Stack:  Show
[2018.12.24-15.30.12:897][843]LogScript: Warning: Runaway loop detected (over 1,000,000 iterations) - see log for stack trace
	GhostBuilding_BP_C /Game/RTS/Maps/UEDPIE_0_TopDownExampleMap.TopDownExampleMap:PersistentLevel.GhostBuilding_BP_C_0
	Function /Game/RTS/Blueprints/Buildings/GhostBuilding_BP.GhostBuilding_BP_C:CalculateSlope:033A
[2018.12.24-15.30.12:897][843]PIE: Error: Infinite loop detected. Blueprint:  GhostBuilding_BP Function:  Branch Call Stack:  Show
[2018.12.24-15.30.15:012][843]LogScript: Warning: Runaway loop detected (over 1,000,000 iterations) - see log for stack trace
	GhostBuilding_BP_C /Game/RTS/Maps/UEDPIE_0_TopDownExampleMap.TopDownExampleMap:PersistentLevel.GhostBuilding_BP_C_0
	Function /Game/RTS/Blueprints/Buildings/GhostBuilding_BP.GhostBuilding_BP_C:CalculateSlope:09D8
[2018.12.24-15.30.15:012][843]PIE: Error: Infinite loop detected. Blueprint:  GhostBuilding_BP Function:  Slope Trace Call Stack:  Show
[2018.12.24-15.30.17:087][843]LogScript: Warning: Runaway loop detected (over 1,000,000 iterations) - see log for stack trace
	GhostBuilding_BP_C /Game/RTS/Maps/UEDPIE_0_TopDownExampleMap.TopDownExampleMap:PersistentLevel.GhostBuilding_BP_C_0
	Function /Game/RTS/Blueprints/Buildings/GhostBuilding_BP.GhostBuilding_BP_C:CalculateSlope:09D8
[2018.12.24-15.30.17:087][843]PIE: Error: Infinite loop detected. Blueprint:  GhostBuilding_BP Function:  Slope Trace Call Stack:  Show
[2018.12.24-15.30.19:155][843]LogScript: Warning: Runaway loop detected (over 1,000,000 iterations) - see log for stack trace
	GhostBuilding_BP_C /Game/RTS/Maps/UEDPIE_0_TopDownExampleMap.TopDownExampleMap:PersistentLevel.GhostBuilding_BP_C_0
	Function /Game/RTS/Blueprints/Buildings/GhostBuilding_BP.GhostBuilding_BP_C:CalculateSlope:09D8
[2018.12.24-15.30.19:155][843]PIE: Error: Infinite loop detected. Blueprint:  GhostBuilding_BP Function:  Slope Trace Call Stack:  Show
